<?xml version="1.0" encoding="UTF-8"?>
<testng-results skipped="0" failed="246" ignored="0" total="356" passed="110">
  <reporter-output>
  </reporter-output>
  <suite name="Default suite" duration-ms="143149" started-at="2020-03-01T21:30:05Z" finished-at="2020-03-01T21:32:28Z">
    <groups>
    </groups>
    <test name="Default test" duration-ms="143149" started-at="2020-03-01T21:30:05Z" finished-at="2020-03-01T21:32:28Z">
      <class name="links.newHttp">
        <test-method status="PASS" signature="openobj()[pri:0, instance:links.newHttp@4f7d0008]" name="openobj" is-config="true" duration-ms="10766" started-at="2020-03-01T21:30:05Z" finished-at="2020-03-01T21:30:16Z">
          <reporter-output>
          </reporter-output>
        </test-method> <!-- openobj -->
        <test-method status="FAIL" signature="testCheckLinks(java.lang.String, java.lang.String)[pri:0, instance:links.newHttp@4f7d0008]" name="testCheckLinks" duration-ms="9" started-at="2020-03-01T21:30:28Z" data-provider="dp" finished-at="2020-03-01T21:30:28Z">
          <params>
            <param index="0">
              <value>
                <![CDATA[SEE DETAILS]]>
              </value>
            </param>
            <param index="1">
              <value>
                <![CDATA[]]>
              </value>
            </param>
          </params>
          <exception class="java.lang.AssertionError">
            <message>
              <![CDATA[expected [OK] but found [Not]]]>
            </message>
            <full-stacktrace>
              <![CDATA[java.lang.AssertionError: expected [OK] but found [Not]
at org.testng.Assert.fail(Assert.java:96)
at org.testng.Assert.failNotEquals(Assert.java:776)
at org.testng.Assert.assertEqualsImpl(Assert.java:137)
at org.testng.Assert.assertEquals(Assert.java:118)
at org.testng.Assert.assertEquals(Assert.java:453)
at org.testng.Assert.assertEquals(Assert.java:463)
at links.newHttp.testCheckLinks(newHttp.java:81)
at sun.reflect.NativeMethodAccessorImpl.invoke0(Native Method)
at sun.reflect.NativeMethodAccessorImpl.invoke(Unknown Source)
at sun.reflect.DelegatingMethodAccessorImpl.invoke(Unknown Source)
at java.lang.reflect.Method.invoke(Unknown Source)
at org.testng.internal.MethodInvocationHelper.invokeMethod(MethodInvocationHelper.java:124)
at org.testng.internal.Invoker.invokeMethod(Invoker.java:580)
at org.testng.internal.Invoker.invokeTestMethod(Invoker.java:716)
at org.testng.internal.Invoker.invokeTestMethods(Invoker.java:988)
at org.testng.internal.TestMethodWorker.invokeTestMethods(TestMethodWorker.java:125)
at org.testng.internal.TestMethodWorker.run(TestMethodWorker.java:109)
at org.testng.TestRunner.privateRun(TestRunner.java:648)
at org.testng.TestRunner.run(TestRunner.java:505)
at org.testng.SuiteRunner.runTest(SuiteRunner.java:455)
at org.testng.SuiteRunner.runSequentially(SuiteRunner.java:450)
at org.testng.SuiteRunner.privateRun(SuiteRunner.java:415)
at org.testng.SuiteRunner.run(SuiteRunner.java:364)
at org.testng.SuiteRunnerWorker.runSuite(SuiteRunnerWorker.java:52)
at org.testng.SuiteRunnerWorker.run(SuiteRunnerWorker.java:84)
at org.testng.TestNG.runSuitesSequentially(TestNG.java:1208)
at org.testng.TestNG.runSuitesLocally(TestNG.java:1137)
at org.testng.TestNG.runSuites(TestNG.java:1049)
at org.testng.TestNG.run(TestNG.java:1017)
at org.testng.remote.AbstractRemoteTestNG.run(AbstractRemoteTestNG.java:114)
at org.testng.remote.RemoteTestNG.initAndRun(RemoteTestNG.java:251)
at org.testng.remote.RemoteTestNG.main(RemoteTestNG.java:77)
]]>
            </full-stacktrace>
          </exception> <!-- java.lang.AssertionError -->
          <reporter-output>
          </reporter-output>
        </test-method> <!-- testCheckLinks -->
        <test-method status="PASS" signature="testCheckLinks(java.lang.String, java.lang.String)[pri:0, instance:links.newHttp@4f7d0008]" name="testCheckLinks" duration-ms="439" started-at="2020-03-01T21:30:28Z" data-provider="dp" finished-at="2020-03-01T21:30:28Z">
          <params>
            <param index="0">
              <value>
                <![CDATA[]]>
              </value>
            </param>
            <param index="1">
              <value>
                <![CDATA[https://www.stopagingnow.com/]]>
              </value>
            </param>
          </params>
          <reporter-output>
          </reporter-output>
        </test-method> <!-- testCheckLinks -->
        <test-method status="PASS" signature="testCheckLinks(java.lang.String, java.lang.String)[pri:0, instance:links.newHttp@4f7d0008]" name="testCheckLinks" duration-ms="297" started-at="2020-03-01T21:30:28Z" data-provider="dp" finished-at="2020-03-01T21:30:28Z">
          <params>
            <param index="0">
              <value>
                <![CDATA[]]>
              </value>
            </param>
            <param index="1">
              <value>
                <![CDATA[https://purgevity.stopagingnow.com/]]>
              </value>
            </param>
          </params>
          <reporter-output>
          </reporter-output>
        </test-method> <!-- testCheckLinks -->
        <test-method status="PASS" signature="testCheckLinks(java.lang.String, java.lang.String)[pri:0, instance:links.newHttp@4f7d0008]" name="testCheckLinks" duration-ms="366" started-at="2020-03-01T21:30:28Z" data-provider="dp" finished-at="2020-03-01T21:30:29Z">
          <params>
            <param index="0">
              <value>
                <![CDATA[]]>
              </value>
            </param>
            <param index="1">
              <value>
                <![CDATA[https://charlieschoice.stopagingnow.com/]]>
              </value>
            </param>
          </params>
          <reporter-output>
          </reporter-output>
        </test-method> <!-- testCheckLinks -->
        <test-method status="PASS" signature="testCheckLinks(java.lang.String, java.lang.String)[pri:0, instance:links.newHttp@4f7d0008]" name="testCheckLinks" duration-ms="1535" started-at="2020-03-01T21:30:29Z" data-provider="dp" finished-at="2020-03-01T21:30:30Z">
          <params>
            <param index="0">
              <value>
                <![CDATA[Login/My Account]]>
              </value>
            </param>
            <param index="1">
              <value>
                <![CDATA[https://www.stopagingnow.com/my_account]]>
              </value>
            </param>
          </params>
          <reporter-output>
          </reporter-output>
        </test-method> <!-- testCheckLinks -->
        <test-method status="PASS" signature="testCheckLinks(java.lang.String, java.lang.String)[pri:0, instance:links.newHttp@4f7d0008]" name="testCheckLinks" duration-ms="2669" started-at="2020-03-01T21:30:30Z" data-provider="dp" finished-at="2020-03-01T21:30:33Z">
          <params>
            <param index="0">
              <value>
                <![CDATA[]]>
              </value>
            </param>
            <param index="1">
              <value>
                <![CDATA[https://www.stopagingnow.com/my_account]]>
              </value>
            </param>
          </params>
          <reporter-output>
          </reporter-output>
        </test-method> <!-- testCheckLinks -->
        <test-method status="PASS" signature="testCheckLinks(java.lang.String, java.lang.String)[pri:0, instance:links.newHttp@4f7d0008]" name="testCheckLinks" duration-ms="1322" started-at="2020-03-01T21:30:33Z" data-provider="dp" finished-at="2020-03-01T21:30:34Z">
          <params>
            <param index="0">
              <value>
                <![CDATA[]]>
              </value>
            </param>
            <param index="1">
              <value>
                <![CDATA[https://www.stopagingnow.com/my_account/register]]>
              </value>
            </param>
          </params>
          <reporter-output>
          </reporter-output>
        </test-method> <!-- testCheckLinks -->
        <test-method status="PASS" signature="testCheckLinks(java.lang.String, java.lang.String)[pri:0, instance:links.newHttp@4f7d0008]" name="testCheckLinks" duration-ms="2783" started-at="2020-03-01T21:30:34Z" data-provider="dp" finished-at="2020-03-01T21:30:37Z">
          <params>
            <param index="0">
              <value>
                <![CDATA[]]>
              </value>
            </param>
            <param index="1">
              <value>
                <![CDATA[https://www.stopagingnow.com/my_account]]>
              </value>
            </param>
          </params>
          <reporter-output>
          </reporter-output>
        </test-method> <!-- testCheckLinks -->
        <test-method status="PASS" signature="testCheckLinks(java.lang.String, java.lang.String)[pri:0, instance:links.newHttp@4f7d0008]" name="testCheckLinks" duration-ms="2749" started-at="2020-03-01T21:30:37Z" data-provider="dp" finished-at="2020-03-01T21:30:40Z">
          <params>
            <param index="0">
              <value>
                <![CDATA[]]>
              </value>
            </param>
            <param index="1">
              <value>
                <![CDATA[https://www.stopagingnow.com/my_account/info]]>
              </value>
            </param>
          </params>
          <reporter-output>
          </reporter-output>
        </test-method> <!-- testCheckLinks -->
        <test-method status="PASS" signature="testCheckLinks(java.lang.String, java.lang.String)[pri:0, instance:links.newHttp@4f7d0008]" name="testCheckLinks" duration-ms="1370" started-at="2020-03-01T21:30:40Z" data-provider="dp" finished-at="2020-03-01T21:30:41Z">
          <params>
            <param index="0">
              <value>
                <![CDATA[]]>
              </value>
            </param>
            <param index="1">
              <value>
                <![CDATA[https://www.stopagingnow.com/my_account/address]]>
              </value>
            </param>
          </params>
          <reporter-output>
          </reporter-output>
        </test-method> <!-- testCheckLinks -->
        <test-method status="PASS" signature="testCheckLinks(java.lang.String, java.lang.String)[pri:0, instance:links.newHttp@4f7d0008]" name="testCheckLinks" duration-ms="2677" started-at="2020-03-01T21:30:41Z" data-provider="dp" finished-at="2020-03-01T21:30:44Z">
          <params>
            <param index="0">
              <value>
                <![CDATA[]]>
              </value>
            </param>
            <param index="1">
              <value>
                <![CDATA[https://www.stopagingnow.com/my_account/wallet]]>
              </value>
            </param>
          </params>
          <reporter-output>
          </reporter-output>
        </test-method> <!-- testCheckLinks -->
        <test-method status="PASS" signature="testCheckLinks(java.lang.String, java.lang.String)[pri:0, instance:links.newHttp@4f7d0008]" name="testCheckLinks" duration-ms="2644" started-at="2020-03-01T21:30:44Z" data-provider="dp" finished-at="2020-03-01T21:30:47Z">
          <params>
            <param index="0">
              <value>
                <![CDATA[]]>
              </value>
            </param>
            <param index="1">
              <value>
                <![CDATA[https://www.stopagingnow.com/my_account/reorder]]>
              </value>
            </param>
          </params>
          <reporter-output>
          </reporter-output>
        </test-method> <!-- testCheckLinks -->
        <test-method status="PASS" signature="testCheckLinks(java.lang.String, java.lang.String)[pri:0, instance:links.newHttp@4f7d0008]" name="testCheckLinks" duration-ms="2660" started-at="2020-03-01T21:30:47Z" data-provider="dp" finished-at="2020-03-01T21:30:49Z">
          <params>
            <param index="0">
              <value>
                <![CDATA[]]>
              </value>
            </param>
            <param index="1">
              <value>
                <![CDATA[https://www.stopagingnow.com/my_account/history]]>
              </value>
            </param>
          </params>
          <reporter-output>
          </reporter-output>
        </test-method> <!-- testCheckLinks -->
        <test-method status="PASS" signature="testCheckLinks(java.lang.String, java.lang.String)[pri:0, instance:links.newHttp@4f7d0008]" name="testCheckLinks" duration-ms="2723" started-at="2020-03-01T21:30:49Z" data-provider="dp" finished-at="2020-03-01T21:30:52Z">
          <params>
            <param index="0">
              <value>
                <![CDATA[]]>
              </value>
            </param>
            <param index="1">
              <value>
                <![CDATA[https://www.stopagingnow.com/my_account/autoship]]>
              </value>
            </param>
          </params>
          <reporter-output>
          </reporter-output>
        </test-method> <!-- testCheckLinks -->
        <test-method status="PASS" signature="testCheckLinks(java.lang.String, java.lang.String)[pri:0, instance:links.newHttp@4f7d0008]" name="testCheckLinks" duration-ms="2642" started-at="2020-03-01T21:30:52Z" data-provider="dp" finished-at="2020-03-01T21:30:55Z">
          <params>
            <param index="0">
              <value>
                <![CDATA[]]>
              </value>
            </param>
            <param index="1">
              <value>
                <![CDATA[https://www.stopagingnow.com/my_account/email_subscriptions]]>
              </value>
            </param>
          </params>
          <reporter-output>
          </reporter-output>
        </test-method> <!-- testCheckLinks -->
        <test-method status="FAIL" signature="testCheckLinks(java.lang.String, java.lang.String)[pri:0, instance:links.newHttp@4f7d0008]" name="testCheckLinks" duration-ms="11" started-at="2020-03-01T21:30:55Z" data-provider="dp" finished-at="2020-03-01T21:30:55Z">
          <params>
            <param index="0">
              <value>
                <![CDATA[]]>
              </value>
            </param>
            <param index="1">
              <value is-null="true"/>
            </param>
          </params>
          <exception class="java.lang.AssertionError">
            <message>
              <![CDATA[expected [OK] but found [Not]]]>
            </message>
            <full-stacktrace>
              <![CDATA[java.lang.AssertionError: expected [OK] but found [Not]
at org.testng.Assert.fail(Assert.java:96)
at org.testng.Assert.failNotEquals(Assert.java:776)
at org.testng.Assert.assertEqualsImpl(Assert.java:137)
at org.testng.Assert.assertEquals(Assert.java:118)
at org.testng.Assert.assertEquals(Assert.java:453)
at org.testng.Assert.assertEquals(Assert.java:463)
at links.newHttp.testCheckLinks(newHttp.java:81)
at sun.reflect.NativeMethodAccessorImpl.invoke0(Native Method)
at sun.reflect.NativeMethodAccessorImpl.invoke(Unknown Source)
at sun.reflect.DelegatingMethodAccessorImpl.invoke(Unknown Source)
at java.lang.reflect.Method.invoke(Unknown Source)
at org.testng.internal.MethodInvocationHelper.invokeMethod(MethodInvocationHelper.java:124)
at org.testng.internal.Invoker.invokeMethod(Invoker.java:580)
at org.testng.internal.Invoker.invokeTestMethod(Invoker.java:716)
at org.testng.internal.Invoker.invokeTestMethods(Invoker.java:988)
at org.testng.internal.TestMethodWorker.invokeTestMethods(TestMethodWorker.java:125)
at org.testng.internal.TestMethodWorker.run(TestMethodWorker.java:109)
at org.testng.TestRunner.privateRun(TestRunner.java:648)
at org.testng.TestRunner.run(TestRunner.java:505)
at org.testng.SuiteRunner.runTest(SuiteRunner.java:455)
at org.testng.SuiteRunner.runSequentially(SuiteRunner.java:450)
at org.testng.SuiteRunner.privateRun(SuiteRunner.java:415)
at org.testng.SuiteRunner.run(SuiteRunner.java:364)
at org.testng.SuiteRunnerWorker.runSuite(SuiteRunnerWorker.java:52)
at org.testng.SuiteRunnerWorker.run(SuiteRunnerWorker.java:84)
at org.testng.TestNG.runSuitesSequentially(TestNG.java:1208)
at org.testng.TestNG.runSuitesLocally(TestNG.java:1137)
at org.testng.TestNG.runSuites(TestNG.java:1049)
at org.testng.TestNG.run(TestNG.java:1017)
at org.testng.remote.AbstractRemoteTestNG.run(AbstractRemoteTestNG.java:114)
at org.testng.remote.RemoteTestNG.initAndRun(RemoteTestNG.java:251)
at org.testng.remote.RemoteTestNG.main(RemoteTestNG.java:77)
]]>
            </full-stacktrace>
          </exception> <!-- java.lang.AssertionError -->
          <reporter-output>
          </reporter-output>
        </test-method> <!-- testCheckLinks -->
        <test-method status="PASS" signature="testCheckLinks(java.lang.String, java.lang.String)[pri:0, instance:links.newHttp@4f7d0008]" name="testCheckLinks" duration-ms="1377" started-at="2020-03-01T21:30:55Z" data-provider="dp" finished-at="2020-03-01T21:30:56Z">
          <params>
            <param index="0">
              <value>
                <![CDATA[0
Cart]]>
              </value>
            </param>
            <param index="1">
              <value>
                <![CDATA[https://www.stopagingnow.com/cart]]>
              </value>
            </param>
          </params>
          <reporter-output>
          </reporter-output>
        </test-method> <!-- testCheckLinks -->
        <test-method status="PASS" signature="testCheckLinks(java.lang.String, java.lang.String)[pri:0, instance:links.newHttp@4f7d0008]" name="testCheckLinks" duration-ms="1352" started-at="2020-03-01T21:30:56Z" data-provider="dp" finished-at="2020-03-01T21:30:57Z">
          <params>
            <param index="0">
              <value>
                <![CDATA[]]>
              </value>
            </param>
            <param index="1">
              <value>
                <![CDATA[https://www.stopagingnow.com/cart]]>
              </value>
            </param>
          </params>
          <reporter-output>
          </reporter-output>
        </test-method> <!-- testCheckLinks -->
        <test-method status="PASS" signature="testCheckLinks(java.lang.String, java.lang.String)[pri:0, instance:links.newHttp@4f7d0008]" name="testCheckLinks" duration-ms="1354" started-at="2020-03-01T21:30:57Z" data-provider="dp" finished-at="2020-03-01T21:30:59Z">
          <params>
            <param index="0">
              <value>
                <![CDATA[]]>
              </value>
            </param>
            <param index="1">
              <value>
                <![CDATA[https://www.stopagingnow.com/buy]]>
              </value>
            </param>
          </params>
          <reporter-output>
          </reporter-output>
        </test-method> <!-- testCheckLinks -->
        <test-method status="PASS" signature="testCheckLinks(java.lang.String, java.lang.String)[pri:0, instance:links.newHttp@4f7d0008]" name="testCheckLinks" duration-ms="1344" started-at="2020-03-01T21:30:59Z" data-provider="dp" finished-at="2020-03-01T21:31:00Z">
          <params>
            <param index="0">
              <value>
                <![CDATA[]]>
              </value>
            </param>
            <param index="1">
              <value>
                <![CDATA[https://www.stopagingnow.com/]]>
              </value>
            </param>
          </params>
          <reporter-output>
          </reporter-output>
        </test-method> <!-- testCheckLinks -->
        <test-method status="PASS" signature="testCheckLinks(java.lang.String, java.lang.String)[pri:0, instance:links.newHttp@4f7d0008]" name="testCheckLinks" duration-ms="1362" started-at="2020-03-01T21:31:00Z" data-provider="dp" finished-at="2020-03-01T21:31:01Z">
          <params>
            <param index="0">
              <value>
                <![CDATA[Customer Care]]>
              </value>
            </param>
            <param index="1">
              <value>
                <![CDATA[https://www.stopagingnow.com/customer_service/contact_form]]>
              </value>
            </param>
          </params>
          <reporter-output>
          </reporter-output>
        </test-method> <!-- testCheckLinks -->
        <test-method status="PASS" signature="testCheckLinks(java.lang.String, java.lang.String)[pri:0, instance:links.newHttp@4f7d0008]" name="testCheckLinks" duration-ms="1258" started-at="2020-03-01T21:31:01Z" data-provider="dp" finished-at="2020-03-01T21:31:03Z">
          <params>
            <param index="0">
              <value>
                <![CDATA[]]>
              </value>
            </param>
            <param index="1">
              <value>
                <![CDATA[https://www.stopagingnow.com/products/bestsellers]]>
              </value>
            </param>
          </params>
          <reporter-output>
          </reporter-output>
        </test-method> <!-- testCheckLinks -->
        <test-method status="PASS" signature="testCheckLinks(java.lang.String, java.lang.String)[pri:0, instance:links.newHttp@4f7d0008]" name="testCheckLinks" duration-ms="1584" started-at="2020-03-01T21:31:03Z" data-provider="dp" finished-at="2020-03-01T21:31:04Z">
          <params>
            <param index="0">
              <value>
                <![CDATA[]]>
              </value>
            </param>
            <param index="1">
              <value>
                <![CDATA[https://www.stopagingnow.com/products/all-categories]]>
              </value>
            </param>
          </params>
          <reporter-output>
          </reporter-output>
        </test-method> <!-- testCheckLinks -->
        <test-method status="PASS" signature="testCheckLinks(java.lang.String, java.lang.String)[pri:0, instance:links.newHttp@4f7d0008]" name="testCheckLinks" duration-ms="1350" started-at="2020-03-01T21:31:04Z" data-provider="dp" finished-at="2020-03-01T21:31:06Z">
          <params>
            <param index="0">
              <value>
                <![CDATA[]]>
              </value>
            </param>
            <param index="1">
              <value>
                <![CDATA[https://www.stopagingnow.com/products/see_all]]>
              </value>
            </param>
          </params>
          <reporter-output>
          </reporter-output>
        </test-method> <!-- testCheckLinks -->
        <test-method status="PASS" signature="testCheckLinks(java.lang.String, java.lang.String)[pri:0, instance:links.newHttp@4f7d0008]" name="testCheckLinks" duration-ms="1312" started-at="2020-03-01T21:31:06Z" data-provider="dp" finished-at="2020-03-01T21:31:07Z">
          <params>
            <param index="0">
              <value>
                <![CDATA[]]>
              </value>
            </param>
            <param index="1">
              <value>
                <![CDATA[https://www.stopagingnow.com/products/new]]>
              </value>
            </param>
          </params>
          <reporter-output>
          </reporter-output>
        </test-method> <!-- testCheckLinks -->
        <test-method status="PASS" signature="testCheckLinks(java.lang.String, java.lang.String)[pri:0, instance:links.newHttp@4f7d0008]" name="testCheckLinks" duration-ms="1359" started-at="2020-03-01T21:31:07Z" data-provider="dp" finished-at="2020-03-01T21:31:08Z">
          <params>
            <param index="0">
              <value>
                <![CDATA[]]>
              </value>
            </param>
            <param index="1">
              <value>
                <![CDATA[https://www.stopagingnow.com/products/specials]]>
              </value>
            </param>
          </params>
          <reporter-output>
          </reporter-output>
        </test-method> <!-- testCheckLinks -->
        <test-method status="PASS" signature="testCheckLinks(java.lang.String, java.lang.String)[pri:0, instance:links.newHttp@4f7d0008]" name="testCheckLinks" duration-ms="1296" started-at="2020-03-01T21:31:08Z" data-provider="dp" finished-at="2020-03-01T21:31:10Z">
          <params>
            <param index="0">
              <value>
                <![CDATA[]]>
              </value>
            </param>
            <param index="1">
              <value>
                <![CDATA[https://www.stopagingnow.com/category/36947/Clearance-Products]]>
              </value>
            </param>
          </params>
          <reporter-output>
          </reporter-output>
        </test-method> <!-- testCheckLinks -->
        <test-method status="PASS" signature="testCheckLinks(java.lang.String, java.lang.String)[pri:0, instance:links.newHttp@4f7d0008]" name="testCheckLinks" duration-ms="2628" started-at="2020-03-01T21:31:10Z" data-provider="dp" finished-at="2020-03-01T21:31:12Z">
          <params>
            <param index="0">
              <value>
                <![CDATA[]]>
              </value>
            </param>
            <param index="1">
              <value>
                <![CDATA[https://www.stopagingnow.com/my_account]]>
              </value>
            </param>
          </params>
          <reporter-output>
          </reporter-output>
        </test-method> <!-- testCheckLinks -->
        <test-method status="PASS" signature="testCheckLinks(java.lang.String, java.lang.String)[pri:0, instance:links.newHttp@4f7d0008]" name="testCheckLinks" duration-ms="1327" started-at="2020-03-01T21:31:12Z" data-provider="dp" finished-at="2020-03-01T21:31:14Z">
          <params>
            <param index="0">
              <value>
                <![CDATA[]]>
              </value>
            </param>
            <param index="1">
              <value>
                <![CDATA[https://www.stopagingnow.com/about_us/our_mission]]>
              </value>
            </param>
          </params>
          <reporter-output>
          </reporter-output>
        </test-method> <!-- testCheckLinks -->
        <test-method status="PASS" signature="testCheckLinks(java.lang.String, java.lang.String)[pri:0, instance:links.newHttp@4f7d0008]" name="testCheckLinks" duration-ms="2616" started-at="2020-03-01T21:31:14Z" data-provider="dp" finished-at="2020-03-01T21:31:16Z">
          <params>
            <param index="0">
              <value>
                <![CDATA[]]>
              </value>
            </param>
            <param index="1">
              <value>
                <![CDATA[https://www.stopagingnow.com/customer_service]]>
              </value>
            </param>
          </params>
          <reporter-output>
          </reporter-output>
        </test-method> <!-- testCheckLinks -->
        <test-method status="PASS" signature="testCheckLinks(java.lang.String, java.lang.String)[pri:0, instance:links.newHttp@4f7d0008]" name="testCheckLinks" duration-ms="1331" started-at="2020-03-01T21:31:16Z" data-provider="dp" finished-at="2020-03-01T21:31:18Z">
          <params>
            <param index="0">
              <value>
                <![CDATA[]]>
              </value>
            </param>
            <param index="1">
              <value>
                <![CDATA[https://www.stopagingnow.com/]]>
              </value>
            </param>
          </params>
          <reporter-output>
          </reporter-output>
        </test-method> <!-- testCheckLinks -->
        <test-method status="PASS" signature="testCheckLinks(java.lang.String, java.lang.String)[pri:0, instance:links.newHttp@4f7d0008]" name="testCheckLinks" duration-ms="2560" started-at="2020-03-01T21:31:18Z" data-provider="dp" finished-at="2020-03-01T21:31:20Z">
          <params>
            <param index="0">
              <value>
                <![CDATA[]]>
              </value>
            </param>
            <param index="1">
              <value>
                <![CDATA[https://www.stopagingnow.com/my_account]]>
              </value>
            </param>
          </params>
          <reporter-output>
          </reporter-output>
        </test-method> <!-- testCheckLinks -->
        <test-method status="PASS" signature="testCheckLinks(java.lang.String, java.lang.String)[pri:0, instance:links.newHttp@4f7d0008]" name="testCheckLinks" duration-ms="1320" started-at="2020-03-01T21:31:20Z" data-provider="dp" finished-at="2020-03-01T21:31:21Z">
          <params>
            <param index="0">
              <value>
                <![CDATA[]]>
              </value>
            </param>
            <param index="1">
              <value>
                <![CDATA[https://www.stopagingnow.com/cart]]>
              </value>
            </param>
          </params>
          <reporter-output>
          </reporter-output>
        </test-method> <!-- testCheckLinks -->
        <test-method status="PASS" signature="testCheckLinks(java.lang.String, java.lang.String)[pri:0, instance:links.newHttp@4f7d0008]" name="testCheckLinks" duration-ms="1262" started-at="2020-03-01T21:31:21Z" data-provider="dp" finished-at="2020-03-01T21:31:23Z">
          <params>
            <param index="0">
              <value>
                <![CDATA[]]>
              </value>
            </param>
            <param index="1">
              <value>
                <![CDATA[https://www.stopagingnow.com/about_us/our_mission]]>
              </value>
            </param>
          </params>
          <reporter-output>
          </reporter-output>
        </test-method> <!-- testCheckLinks -->
        <test-method status="PASS" signature="testCheckLinks(java.lang.String, java.lang.String)[pri:0, instance:links.newHttp@4f7d0008]" name="testCheckLinks" duration-ms="1302" started-at="2020-03-01T21:31:23Z" data-provider="dp" finished-at="2020-03-01T21:31:24Z">
          <params>
            <param index="0">
              <value>
                <![CDATA[]]>
              </value>
            </param>
            <param index="1">
              <value>
                <![CDATA[https://www.stopagingnow.com/customer_service/refund_policy]]>
              </value>
            </param>
          </params>
          <reporter-output>
          </reporter-output>
        </test-method> <!-- testCheckLinks -->
        <test-method status="PASS" signature="testCheckLinks(java.lang.String, java.lang.String)[pri:0, instance:links.newHttp@4f7d0008]" name="testCheckLinks" duration-ms="1266" started-at="2020-03-01T21:31:24Z" data-provider="dp" finished-at="2020-03-01T21:31:25Z">
          <params>
            <param index="0">
              <value>
                <![CDATA[BESTSELLERS]]>
              </value>
            </param>
            <param index="1">
              <value>
                <![CDATA[https://www.stopagingnow.com/products/bestsellers]]>
              </value>
            </param>
          </params>
          <reporter-output>
          </reporter-output>
        </test-method> <!-- testCheckLinks -->
        <test-method status="PASS" signature="testCheckLinks(java.lang.String, java.lang.String)[pri:0, instance:links.newHttp@4f7d0008]" name="testCheckLinks" duration-ms="1559" started-at="2020-03-01T21:31:25Z" data-provider="dp" finished-at="2020-03-01T21:31:27Z">
          <params>
            <param index="0">
              <value>
                <![CDATA[SHOP BY CATEGORY]]>
              </value>
            </param>
            <param index="1">
              <value>
                <![CDATA[https://www.stopagingnow.com/products/all-categories]]>
              </value>
            </param>
          </params>
          <reporter-output>
          </reporter-output>
        </test-method> <!-- testCheckLinks -->
        <test-method status="PASS" signature="testCheckLinks(java.lang.String, java.lang.String)[pri:0, instance:links.newHttp@4f7d0008]" name="testCheckLinks" duration-ms="1323" started-at="2020-03-01T21:31:27Z" data-provider="dp" finished-at="2020-03-01T21:31:28Z">
          <params>
            <param index="0">
              <value>
                <![CDATA[ALL PRODUCTS]]>
              </value>
            </param>
            <param index="1">
              <value>
                <![CDATA[https://www.stopagingnow.com/products/see_all]]>
              </value>
            </param>
          </params>
          <reporter-output>
          </reporter-output>
        </test-method> <!-- testCheckLinks -->
        <test-method status="PASS" signature="testCheckLinks(java.lang.String, java.lang.String)[pri:0, instance:links.newHttp@4f7d0008]" name="testCheckLinks" duration-ms="1274" started-at="2020-03-01T21:31:28Z" data-provider="dp" finished-at="2020-03-01T21:31:29Z">
          <params>
            <param index="0">
              <value>
                <![CDATA[NEW!]]>
              </value>
            </param>
            <param index="1">
              <value>
                <![CDATA[https://www.stopagingnow.com/products/new]]>
              </value>
            </param>
          </params>
          <reporter-output>
          </reporter-output>
        </test-method> <!-- testCheckLinks -->
        <test-method status="PASS" signature="testCheckLinks(java.lang.String, java.lang.String)[pri:0, instance:links.newHttp@4f7d0008]" name="testCheckLinks" duration-ms="1368" started-at="2020-03-01T21:31:29Z" data-provider="dp" finished-at="2020-03-01T21:31:31Z">
          <params>
            <param index="0">
              <value>
                <![CDATA[SPECIALS]]>
              </value>
            </param>
            <param index="1">
              <value>
                <![CDATA[https://www.stopagingnow.com/products/specials]]>
              </value>
            </param>
          </params>
          <reporter-output>
          </reporter-output>
        </test-method> <!-- testCheckLinks -->
        <test-method status="PASS" signature="testCheckLinks(java.lang.String, java.lang.String)[pri:0, instance:links.newHttp@4f7d0008]" name="testCheckLinks" duration-ms="279" started-at="2020-03-01T21:31:31Z" data-provider="dp" finished-at="2020-03-01T21:31:31Z">
          <params>
            <param index="0">
              <value>
                <![CDATA[CLEARANCE]]>
              </value>
            </param>
            <param index="1">
              <value>
                <![CDATA[https://www.stopagingnow.com/category/36947/Clearance-Products]]>
              </value>
            </param>
          </params>
          <reporter-output>
          </reporter-output>
        </test-method> <!-- testCheckLinks -->
        <test-method status="PASS" signature="testCheckLinks(java.lang.String, java.lang.String)[pri:0, instance:links.newHttp@4f7d0008]" name="testCheckLinks" duration-ms="527" started-at="2020-03-01T21:31:31Z" data-provider="dp" finished-at="2020-03-01T21:31:32Z">
          <params>
            <param index="0">
              <value>
                <![CDATA[]]>
              </value>
            </param>
            <param index="1">
              <value>
                <![CDATA[https://www.stopagingnow.com/products/see_all?utm_source=playerad&utm_medium=website&utm_campaign=offr_0320_doubledeal&utm_content=030120_e1_all_ro_c20double_blueandgold&ce=Qi1mYTI4ODU1NjJiYzEzYmU1NjM3NDY4YjI2ZWUwNzQ2ODFjMmY2MWJkYjMyZThjMzg=]]>
              </value>
            </param>
          </params>
          <reporter-output>
          </reporter-output>
        </test-method> <!-- testCheckLinks -->
        <test-method status="PASS" signature="testCheckLinks(java.lang.String, java.lang.String)[pri:0, instance:links.newHttp@4f7d0008]" name="testCheckLinks" duration-ms="532" started-at="2020-03-01T21:31:32Z" data-provider="dp" finished-at="2020-03-01T21:31:32Z">
          <params>
            <param index="0">
              <value>
                <![CDATA[]]>
              </value>
            </param>
            <param index="1">
              <value>
                <![CDATA[https://www.stopagingnow.com/category/5504?utm_source=playerad&utm_medium=website&utm_campaign=offr_0320_immunecat&utm_content=022020_e1_as_ro_b20immune_germ&ce=Qi03NTBmYjhlY2QxNDU0ZTNhN2MyNGYxNDU5ODY0MjkwNWU5NzFiYmY4NWI0MzhkMWU=]]>
              </value>
            </param>
          </params>
          <reporter-output>
          </reporter-output>
        </test-method> <!-- testCheckLinks -->
        <test-method status="PASS" signature="testCheckLinks(java.lang.String, java.lang.String)[pri:0, instance:links.newHttp@4f7d0008]" name="testCheckLinks" duration-ms="533" started-at="2020-03-01T21:31:32Z" data-provider="dp" finished-at="2020-03-01T21:31:33Z">
          <params>
            <param index="0">
              <value>
                <![CDATA[]]>
              </value>
            </param>
            <param index="1">
              <value>
                <![CDATA[https://www.stopagingnow.com/products/see_all?utm_source=playerad&utm_medium=website&utm_campaign=offr_0320_doubledeal&utm_content=030120_e1_all_ro_c20double_blueandgold&ce=Qi1mYTI4ODU1NjJiYzEzYmU1NjM3NDY4YjI2ZWUwNzQ2ODFjMmY2MWJkYjMyZThjMzg=]]>
              </value>
            </param>
          </params>
          <reporter-output>
          </reporter-output>
        </test-method> <!-- testCheckLinks -->
        <test-method status="PASS" signature="testCheckLinks(java.lang.String, java.lang.String)[pri:0, instance:links.newHttp@4f7d0008]" name="testCheckLinks" duration-ms="267" started-at="2020-03-01T21:31:33Z" data-provider="dp" finished-at="2020-03-01T21:31:33Z">
          <params>
            <param index="0">
              <value>
                <![CDATA[]]>
              </value>
            </param>
            <param index="1">
              <value>
                <![CDATA[https://www.stopagingnow.com/SOHSPH7/Saffron-MDtrade-Eye-Health-Support-Special-Offer-SOHSPH7?utm_source=playerad&utm_medium=website&utm_campaign=prod_0320_saffron&utm_content=030120_e1_all_ro_SOHSPH7_spoon]]>
              </value>
            </param>
          </params>
          <reporter-output>
          </reporter-output>
        </test-method> <!-- testCheckLinks -->
        <test-method status="PASS" signature="testCheckLinks(java.lang.String, java.lang.String)[pri:0, instance:links.newHttp@4f7d0008]" name="testCheckLinks" duration-ms="549" started-at="2020-03-01T21:31:33Z" data-provider="dp" finished-at="2020-03-01T21:31:33Z">
          <params>
            <param index="0">
              <value>
                <![CDATA[]]>
              </value>
            </param>
            <param index="1">
              <value>
                <![CDATA[https://www.stopagingnow.com/category/59159?utm_source=playerad&utm_medium=website&utm_campaign=offr_0320_turmeric&utm_content=030120_e1_all_ro_c20turmeric_couplebike&ce=Qi1iZjEwN2QxY2YzY2UzZmJiMjYyYzkwMGFkZDRiYWUxYTI5YTI1ZmNlYWRhYmViZmE=]]>
              </value>
            </param>
          </params>
          <reporter-output>
          </reporter-output>
        </test-method> <!-- testCheckLinks -->
        <test-method status="PASS" signature="testCheckLinks(java.lang.String, java.lang.String)[pri:0, instance:links.newHttp@4f7d0008]" name="testCheckLinks" duration-ms="192" started-at="2020-03-01T21:31:33Z" data-provider="dp" finished-at="2020-03-01T21:31:34Z">
          <params>
            <param index="0">
              <value>
                <![CDATA[]]>
              </value>
            </param>
            <param index="1">
              <value>
                <![CDATA[https://www.stopagingnow.com/category/61473?utm_source=playerad&utm_medium=website&utm_campaign=prod_0220_betapollencurq10&utm_content=021820_e1_all_ro_tv30_asseenontv]]>
              </value>
            </param>
          </params>
          <reporter-output>
          </reporter-output>
        </test-method> <!-- testCheckLinks -->
        <test-method status="PASS" signature="testCheckLinks(java.lang.String, java.lang.String)[pri:0, instance:links.newHttp@4f7d0008]" name="testCheckLinks" duration-ms="673" started-at="2020-03-01T21:31:34Z" data-provider="dp" finished-at="2020-03-01T21:31:34Z">
          <params>
            <param index="0">
              <value>
                <![CDATA[]]>
              </value>
            </param>
            <param index="1">
              <value>
                <![CDATA[https://www.stopagingnow.com/category/5504?utm_source=playerad&utm_medium=website&utm_campaign=offr_0320_immunecat&utm_content=022020_e1_as_ro_b20immune_germ&ce=Qi03NTBmYjhlY2QxNDU0ZTNhN2MyNGYxNDU5ODY0MjkwNWU5NzFiYmY4NWI0MzhkMWU=]]>
              </value>
            </param>
          </params>
          <reporter-output>
          </reporter-output>
        </test-method> <!-- testCheckLinks -->
        <test-method status="PASS" signature="testCheckLinks(java.lang.String, java.lang.String)[pri:0, instance:links.newHttp@4f7d0008]" name="testCheckLinks" duration-ms="517" started-at="2020-03-01T21:31:34Z" data-provider="dp" finished-at="2020-03-01T21:31:35Z">
          <params>
            <param index="0">
              <value>
                <![CDATA[]]>
              </value>
            </param>
            <param index="1">
              <value>
                <![CDATA[https://www.stopagingnow.com/products/see_all?utm_source=playerad&utm_medium=website&utm_campaign=offr_0320_doubledeal&utm_content=030120_e1_all_ro_c20double_blueandgold&ce=Qi1mYTI4ODU1NjJiYzEzYmU1NjM3NDY4YjI2ZWUwNzQ2ODFjMmY2MWJkYjMyZThjMzg=]]>
              </value>
            </param>
          </params>
          <reporter-output>
          </reporter-output>
        </test-method> <!-- testCheckLinks -->
        <test-method status="PASS" signature="testCheckLinks(java.lang.String, java.lang.String)[pri:0, instance:links.newHttp@4f7d0008]" name="testCheckLinks" duration-ms="238" started-at="2020-03-01T21:31:35Z" data-provider="dp" finished-at="2020-03-01T21:31:35Z">
          <params>
            <param index="0">
              <value>
                <![CDATA[]]>
              </value>
            </param>
            <param index="1">
              <value>
                <![CDATA[https://www.stopagingnow.com/SOHSPH7/Saffron-MDtrade-Eye-Health-Support-Special-Offer-SOHSPH7?utm_source=playerad&utm_medium=website&utm_campaign=prod_0320_saffron&utm_content=030120_e1_all_ro_SOHSPH7_spoon]]>
              </value>
            </param>
          </params>
          <reporter-output>
          </reporter-output>
        </test-method> <!-- testCheckLinks -->
        <test-method status="PASS" signature="testCheckLinks(java.lang.String, java.lang.String)[pri:0, instance:links.newHttp@4f7d0008]" name="testCheckLinks" duration-ms="545" started-at="2020-03-01T21:31:35Z" data-provider="dp" finished-at="2020-03-01T21:31:36Z">
          <params>
            <param index="0">
              <value>
                <![CDATA[]]>
              </value>
            </param>
            <param index="1">
              <value>
                <![CDATA[https://www.stopagingnow.com/category/59159?utm_source=playerad&utm_medium=website&utm_campaign=offr_0320_turmeric&utm_content=030120_e1_all_ro_c20turmeric_couplebike&ce=Qi1iZjEwN2QxY2YzY2UzZmJiMjYyYzkwMGFkZDRiYWUxYTI5YTI1ZmNlYWRhYmViZmE=]]>
              </value>
            </param>
          </params>
          <reporter-output>
          </reporter-output>
        </test-method> <!-- testCheckLinks -->
        <test-method status="PASS" signature="testCheckLinks(java.lang.String, java.lang.String)[pri:0, instance:links.newHttp@4f7d0008]" name="testCheckLinks" duration-ms="212" started-at="2020-03-01T21:31:36Z" data-provider="dp" finished-at="2020-03-01T21:31:36Z">
          <params>
            <param index="0">
              <value>
                <![CDATA[]]>
              </value>
            </param>
            <param index="1">
              <value>
                <![CDATA[https://www.stopagingnow.com/category/61473?utm_source=playerad&utm_medium=website&utm_campaign=prod_0220_betapollencurq10&utm_content=021820_e1_all_ro_tv30_asseenontv]]>
              </value>
            </param>
          </params>
          <reporter-output>
          </reporter-output>
        </test-method> <!-- testCheckLinks -->
        <test-method status="PASS" signature="testCheckLinks(java.lang.String, java.lang.String)[pri:0, instance:links.newHttp@4f7d0008]" name="testCheckLinks" duration-ms="530" started-at="2020-03-01T21:31:36Z" data-provider="dp" finished-at="2020-03-01T21:31:36Z">
          <params>
            <param index="0">
              <value>
                <![CDATA[]]>
              </value>
            </param>
            <param index="1">
              <value>
                <![CDATA[https://www.stopagingnow.com/category/5504?utm_source=playerad&utm_medium=website&utm_campaign=offr_0320_immunecat&utm_content=022020_e1_as_ro_b20immune_germ&ce=Qi03NTBmYjhlY2QxNDU0ZTNhN2MyNGYxNDU5ODY0MjkwNWU5NzFiYmY4NWI0MzhkMWU=]]>
              </value>
            </param>
          </params>
          <reporter-output>
          </reporter-output>
        </test-method> <!-- testCheckLinks -->
        <test-method status="FAIL" signature="testCheckLinks(java.lang.String, java.lang.String)[pri:0, instance:links.newHttp@4f7d0008]" name="testCheckLinks" duration-ms="2" started-at="2020-03-01T21:31:36Z" data-provider="dp" finished-at="2020-03-01T21:31:36Z">
          <params>
            <param index="0">
              <value>
                <![CDATA[]]>
              </value>
            </param>
            <param index="1">
              <value is-null="true"/>
            </param>
          </params>
          <exception class="java.lang.AssertionError">
            <message>
              <![CDATA[expected [OK] but found [Not]]]>
            </message>
            <full-stacktrace>
              <![CDATA[java.lang.AssertionError: expected [OK] but found [Not]
at org.testng.Assert.fail(Assert.java:96)
at org.testng.Assert.failNotEquals(Assert.java:776)
at org.testng.Assert.assertEqualsImpl(Assert.java:137)
at org.testng.Assert.assertEquals(Assert.java:118)
at org.testng.Assert.assertEquals(Assert.java:453)
at org.testng.Assert.assertEquals(Assert.java:463)
at links.newHttp.testCheckLinks(newHttp.java:81)
at sun.reflect.GeneratedMethodAccessor1.invoke(Unknown Source)
at sun.reflect.DelegatingMethodAccessorImpl.invoke(Unknown Source)
at java.lang.reflect.Method.invoke(Unknown Source)
at org.testng.internal.MethodInvocationHelper.invokeMethod(MethodInvocationHelper.java:124)
at org.testng.internal.Invoker.invokeMethod(Invoker.java:580)
at org.testng.internal.Invoker.invokeTestMethod(Invoker.java:716)
at org.testng.internal.Invoker.invokeTestMethods(Invoker.java:988)
at org.testng.internal.TestMethodWorker.invokeTestMethods(TestMethodWorker.java:125)
at org.testng.internal.TestMethodWorker.run(TestMethodWorker.java:109)
at org.testng.TestRunner.privateRun(TestRunner.java:648)
at org.testng.TestRunner.run(TestRunner.java:505)
at org.testng.SuiteRunner.runTest(SuiteRunner.java:455)
at org.testng.SuiteRunner.runSequentially(SuiteRunner.java:450)
at org.testng.SuiteRunner.privateRun(SuiteRunner.java:415)
at org.testng.SuiteRunner.run(SuiteRunner.java:364)
at org.testng.SuiteRunnerWorker.runSuite(SuiteRunnerWorker.java:52)
at org.testng.SuiteRunnerWorker.run(SuiteRunnerWorker.java:84)
at org.testng.TestNG.runSuitesSequentially(TestNG.java:1208)
at org.testng.TestNG.runSuitesLocally(TestNG.java:1137)
at org.testng.TestNG.runSuites(TestNG.java:1049)
at org.testng.TestNG.run(TestNG.java:1017)
at org.testng.remote.AbstractRemoteTestNG.run(AbstractRemoteTestNG.java:114)
at org.testng.remote.RemoteTestNG.initAndRun(RemoteTestNG.java:251)
at org.testng.remote.RemoteTestNG.main(RemoteTestNG.java:77)
]]>
            </full-stacktrace>
          </exception> <!-- java.lang.AssertionError -->
          <reporter-output>
          </reporter-output>
        </test-method> <!-- testCheckLinks -->
        <test-method status="PASS" signature="testCheckLinks(java.lang.String, java.lang.String)[pri:0, instance:links.newHttp@4f7d0008]" name="testCheckLinks" duration-ms="395" started-at="2020-03-01T21:31:36Z" data-provider="dp" finished-at="2020-03-01T21:31:37Z">
          <params>
            <param index="0">
              <value>
                <![CDATA[]]>
              </value>
            </param>
            <param index="1">
              <value>
                <![CDATA[https://www.stopagingnow.com/products/all-categories]]>
              </value>
            </param>
          </params>
          <reporter-output>
          </reporter-output>
        </test-method> <!-- testCheckLinks -->
        <test-method status="PASS" signature="testCheckLinks(java.lang.String, java.lang.String)[pri:0, instance:links.newHttp@4f7d0008]" name="testCheckLinks" duration-ms="193" started-at="2020-03-01T21:31:37Z" data-provider="dp" finished-at="2020-03-01T21:31:37Z">
          <params>
            <param index="0">
              <value>
                <![CDATA[]]>
              </value>
            </param>
            <param index="1">
              <value>
                <![CDATA[https://www.stopagingnow.com/category/54584/Curcumin-Tumeric]]>
              </value>
            </param>
          </params>
          <reporter-output>
          </reporter-output>
        </test-method> <!-- testCheckLinks -->
        <test-method status="PASS" signature="testCheckLinks(java.lang.String, java.lang.String)[pri:0, instance:links.newHttp@4f7d0008]" name="testCheckLinks" duration-ms="178" started-at="2020-03-01T21:31:37Z" data-provider="dp" finished-at="2020-03-01T21:31:37Z">
          <params>
            <param index="0">
              <value>
                <![CDATA[]]>
              </value>
            </param>
            <param index="1">
              <value>
                <![CDATA[https://www.stopagingnow.com/category/54585/Acid-Relief]]>
              </value>
            </param>
          </params>
          <reporter-output>
          </reporter-output>
        </test-method> <!-- testCheckLinks -->
        <test-method status="PASS" signature="testCheckLinks(java.lang.String, java.lang.String)[pri:0, instance:links.newHttp@4f7d0008]" name="testCheckLinks" duration-ms="198" started-at="2020-03-01T21:31:37Z" data-provider="dp" finished-at="2020-03-01T21:31:37Z">
          <params>
            <param index="0">
              <value>
                <![CDATA[]]>
              </value>
            </param>
            <param index="1">
              <value>
                <![CDATA[https://www.stopagingnow.com/category/5543/Heart-Support]]>
              </value>
            </param>
          </params>
          <reporter-output>
          </reporter-output>
        </test-method> <!-- testCheckLinks -->
        <test-method status="PASS" signature="testCheckLinks(java.lang.String, java.lang.String)[pri:0, instance:links.newHttp@4f7d0008]" name="testCheckLinks" duration-ms="187" started-at="2020-03-01T21:31:37Z" data-provider="dp" finished-at="2020-03-01T21:31:38Z">
          <params>
            <param index="0">
              <value>
                <![CDATA[]]>
              </value>
            </param>
            <param index="1">
              <value>
                <![CDATA[https://www.stopagingnow.com/category/5513/Brain-Support]]>
              </value>
            </param>
          </params>
          <reporter-output>
          </reporter-output>
        </test-method> <!-- testCheckLinks -->
        <test-method status="PASS" signature="testCheckLinks(java.lang.String, java.lang.String)[pri:0, instance:links.newHttp@4f7d0008]" name="testCheckLinks" duration-ms="179" started-at="2020-03-01T21:31:38Z" data-provider="dp" finished-at="2020-03-01T21:31:38Z">
          <params>
            <param index="0">
              <value>
                <![CDATA[]]>
              </value>
            </param>
            <param index="1">
              <value>
                <![CDATA[https://www.stopagingnow.com/category/5507/Joint-Support]]>
              </value>
            </param>
          </params>
          <reporter-output>
          </reporter-output>
        </test-method> <!-- testCheckLinks -->
        <test-method status="PASS" signature="testCheckLinks(java.lang.String, java.lang.String)[pri:0, instance:links.newHttp@4f7d0008]" name="testCheckLinks" duration-ms="199" started-at="2020-03-01T21:31:38Z" data-provider="dp" finished-at="2020-03-01T21:31:38Z">
          <params>
            <param index="0">
              <value>
                <![CDATA[]]>
              </value>
            </param>
            <param index="1">
              <value>
                <![CDATA[https://www.stopagingnow.com/category/5490/Multivitamins]]>
              </value>
            </param>
          </params>
          <reporter-output>
          </reporter-output>
        </test-method> <!-- testCheckLinks -->
        <test-method status="PASS" signature="testCheckLinks(java.lang.String, java.lang.String)[pri:0, instance:links.newHttp@4f7d0008]" name="testCheckLinks" duration-ms="205" started-at="2020-03-01T21:31:38Z" data-provider="dp" finished-at="2020-03-01T21:31:38Z">
          <params>
            <param index="0">
              <value>
                <![CDATA[]]>
              </value>
            </param>
            <param index="1">
              <value>
                <![CDATA[https://www.stopagingnow.com/products/bestsellers]]>
              </value>
            </param>
          </params>
          <reporter-output>
          </reporter-output>
        </test-method> <!-- testCheckLinks -->
        <test-method status="PASS" signature="testCheckLinks(java.lang.String, java.lang.String)[pri:0, instance:links.newHttp@4f7d0008]" name="testCheckLinks" duration-ms="472" started-at="2020-03-01T21:31:38Z" data-provider="dp" finished-at="2020-03-01T21:31:39Z">
          <params>
            <param index="0">
              <value>
                <![CDATA[]]>
              </value>
            </param>
            <param index="1">
              <value>
                <![CDATA[https://www.stopagingnow.com/CMX]]>
              </value>
            </param>
          </params>
          <reporter-output>
          </reporter-output>
        </test-method> <!-- testCheckLinks -->
        <test-method status="PASS" signature="testCheckLinks(java.lang.String, java.lang.String)[pri:0, instance:links.newHttp@4f7d0008]" name="testCheckLinks" duration-ms="555" started-at="2020-03-01T21:31:39Z" data-provider="dp" finished-at="2020-03-01T21:31:39Z">
          <params>
            <param index="0">
              <value>
                <![CDATA[]]>
              </value>
            </param>
            <param index="1">
              <value>
                <![CDATA[https://www.stopagingnow.com/CMX]]>
              </value>
            </param>
          </params>
          <reporter-output>
          </reporter-output>
        </test-method> <!-- testCheckLinks -->
        <test-method status="PASS" signature="testCheckLinks(java.lang.String, java.lang.String)[pri:0, instance:links.newHttp@4f7d0008]" name="testCheckLinks" duration-ms="584" started-at="2020-03-01T21:31:39Z" data-provider="dp" finished-at="2020-03-01T21:31:40Z">
          <params>
            <param index="0">
              <value>
                <![CDATA[]]>
              </value>
            </param>
            <param index="1">
              <value>
                <![CDATA[https://www.stopagingnow.com/CMX]]>
              </value>
            </param>
          </params>
          <reporter-output>
          </reporter-output>
        </test-method> <!-- testCheckLinks -->
        <test-method status="PASS" signature="testCheckLinks(java.lang.String, java.lang.String)[pri:0, instance:links.newHttp@4f7d0008]" name="testCheckLinks" duration-ms="686" started-at="2020-03-01T21:31:40Z" data-provider="dp" finished-at="2020-03-01T21:31:40Z">
          <params>
            <param index="0">
              <value>
                <![CDATA[]]>
              </value>
            </param>
            <param index="1">
              <value>
                <![CDATA[https://www.stopagingnow.com/CMX]]>
              </value>
            </param>
          </params>
          <reporter-output>
          </reporter-output>
        </test-method> <!-- testCheckLinks -->
        <test-method status="PASS" signature="testCheckLinks(java.lang.String, java.lang.String)[pri:0, instance:links.newHttp@4f7d0008]" name="testCheckLinks" duration-ms="655" started-at="2020-03-01T21:31:40Z" data-provider="dp" finished-at="2020-03-01T21:31:41Z">
          <params>
            <param index="0">
              <value>
                <![CDATA[]]>
              </value>
            </param>
            <param index="1">
              <value>
                <![CDATA[https://www.stopagingnow.com/CMX]]>
              </value>
            </param>
          </params>
          <reporter-output>
          </reporter-output>
        </test-method> <!-- testCheckLinks -->
        <test-method status="PASS" signature="testCheckLinks(java.lang.String, java.lang.String)[pri:0, instance:links.newHttp@4f7d0008]" name="testCheckLinks" duration-ms="466" started-at="2020-03-01T21:31:41Z" data-provider="dp" finished-at="2020-03-01T21:31:42Z">
          <params>
            <param index="0">
              <value>
                <![CDATA[]]>
              </value>
            </param>
            <param index="1">
              <value>
                <![CDATA[https://www.stopagingnow.com/CMX]]>
              </value>
            </param>
          </params>
          <reporter-output>
          </reporter-output>
        </test-method> <!-- testCheckLinks -->
        <test-method status="PASS" signature="testCheckLinks(java.lang.String, java.lang.String)[pri:0, instance:links.newHttp@4f7d0008]" name="testCheckLinks" duration-ms="454" started-at="2020-03-01T21:31:42Z" data-provider="dp" finished-at="2020-03-01T21:31:42Z">
          <params>
            <param index="0">
              <value>
                <![CDATA[]]>
              </value>
            </param>
            <param index="1">
              <value>
                <![CDATA[https://www.stopagingnow.com/CHL]]>
              </value>
            </param>
          </params>
          <reporter-output>
          </reporter-output>
        </test-method> <!-- testCheckLinks -->
        <test-method status="PASS" signature="testCheckLinks(java.lang.String, java.lang.String)[pri:0, instance:links.newHttp@4f7d0008]" name="testCheckLinks" duration-ms="458" started-at="2020-03-01T21:31:42Z" data-provider="dp" finished-at="2020-03-01T21:31:42Z">
          <params>
            <param index="0">
              <value>
                <![CDATA[]]>
              </value>
            </param>
            <param index="1">
              <value>
                <![CDATA[https://www.stopagingnow.com/CHL]]>
              </value>
            </param>
          </params>
          <reporter-output>
          </reporter-output>
        </test-method> <!-- testCheckLinks -->
        <test-method status="PASS" signature="testCheckLinks(java.lang.String, java.lang.String)[pri:0, instance:links.newHttp@4f7d0008]" name="testCheckLinks" duration-ms="456" started-at="2020-03-01T21:31:42Z" data-provider="dp" finished-at="2020-03-01T21:31:43Z">
          <params>
            <param index="0">
              <value>
                <![CDATA[]]>
              </value>
            </param>
            <param index="1">
              <value>
                <![CDATA[https://www.stopagingnow.com/CHL]]>
              </value>
            </param>
          </params>
          <reporter-output>
          </reporter-output>
        </test-method> <!-- testCheckLinks -->
        <test-method status="PASS" signature="testCheckLinks(java.lang.String, java.lang.String)[pri:0, instance:links.newHttp@4f7d0008]" name="testCheckLinks" duration-ms="568" started-at="2020-03-01T21:31:43Z" data-provider="dp" finished-at="2020-03-01T21:31:44Z">
          <params>
            <param index="0">
              <value>
                <![CDATA[]]>
              </value>
            </param>
            <param index="1">
              <value>
                <![CDATA[https://www.stopagingnow.com/CHL]]>
              </value>
            </param>
          </params>
          <reporter-output>
          </reporter-output>
        </test-method> <!-- testCheckLinks -->
        <test-method status="PASS" signature="testCheckLinks(java.lang.String, java.lang.String)[pri:0, instance:links.newHttp@4f7d0008]" name="testCheckLinks" duration-ms="477" started-at="2020-03-01T21:31:44Z" data-provider="dp" finished-at="2020-03-01T21:31:44Z">
          <params>
            <param index="0">
              <value>
                <![CDATA[]]>
              </value>
            </param>
            <param index="1">
              <value>
                <![CDATA[https://www.stopagingnow.com/CHL]]>
              </value>
            </param>
          </params>
          <reporter-output>
          </reporter-output>
        </test-method> <!-- testCheckLinks -->
        <test-method status="PASS" signature="testCheckLinks(java.lang.String, java.lang.String)[pri:0, instance:links.newHttp@4f7d0008]" name="testCheckLinks" duration-ms="502" started-at="2020-03-01T21:31:44Z" data-provider="dp" finished-at="2020-03-01T21:31:45Z">
          <params>
            <param index="0">
              <value>
                <![CDATA[]]>
              </value>
            </param>
            <param index="1">
              <value>
                <![CDATA[https://www.stopagingnow.com/CHL]]>
              </value>
            </param>
          </params>
          <reporter-output>
          </reporter-output>
        </test-method> <!-- testCheckLinks -->
        <test-method status="PASS" signature="testCheckLinks(java.lang.String, java.lang.String)[pri:0, instance:links.newHttp@4f7d0008]" name="testCheckLinks" duration-ms="464" started-at="2020-03-01T21:31:45Z" data-provider="dp" finished-at="2020-03-01T21:31:45Z">
          <params>
            <param index="0">
              <value>
                <![CDATA[]]>
              </value>
            </param>
            <param index="1">
              <value>
                <![CDATA[https://www.stopagingnow.com/OBP]]>
              </value>
            </param>
          </params>
          <reporter-output>
          </reporter-output>
        </test-method> <!-- testCheckLinks -->
        <test-method status="PASS" signature="testCheckLinks(java.lang.String, java.lang.String)[pri:0, instance:links.newHttp@4f7d0008]" name="testCheckLinks" duration-ms="451" started-at="2020-03-01T21:31:45Z" data-provider="dp" finished-at="2020-03-01T21:31:45Z">
          <params>
            <param index="0">
              <value>
                <![CDATA[]]>
              </value>
            </param>
            <param index="1">
              <value>
                <![CDATA[https://www.stopagingnow.com/OBP]]>
              </value>
            </param>
          </params>
          <reporter-output>
          </reporter-output>
        </test-method> <!-- testCheckLinks -->
        <test-method status="FAIL" signature="testCheckLinks(java.lang.String, java.lang.String)[pri:0, instance:links.newHttp@4f7d0008]" name="testCheckLinks" duration-ms="358" started-at="2020-03-01T21:31:45Z" data-provider="dp" finished-at="2020-03-01T21:31:46Z">
          <params>
            <param index="0">
              <value>
                <![CDATA[]]>
              </value>
            </param>
            <param index="1">
              <value>
                <![CDATA[https://www.stopagingnow.com/OBP]]>
              </value>
            </param>
          </params>
          <exception class="java.lang.AssertionError">
            <message>
              <![CDATA[expected [OK] but found [Not]]]>
            </message>
            <full-stacktrace>
              <![CDATA[java.lang.AssertionError: expected [OK] but found [Not]
at org.testng.Assert.fail(Assert.java:96)
at org.testng.Assert.failNotEquals(Assert.java:776)
at org.testng.Assert.assertEqualsImpl(Assert.java:137)
at org.testng.Assert.assertEquals(Assert.java:118)
at org.testng.Assert.assertEquals(Assert.java:453)
at org.testng.Assert.assertEquals(Assert.java:463)
at links.newHttp.testCheckLinks(newHttp.java:81)
at sun.reflect.GeneratedMethodAccessor1.invoke(Unknown Source)
at sun.reflect.DelegatingMethodAccessorImpl.invoke(Unknown Source)
at java.lang.reflect.Method.invoke(Unknown Source)
at org.testng.internal.MethodInvocationHelper.invokeMethod(MethodInvocationHelper.java:124)
at org.testng.internal.Invoker.invokeMethod(Invoker.java:580)
at org.testng.internal.Invoker.invokeTestMethod(Invoker.java:716)
at org.testng.internal.Invoker.invokeTestMethods(Invoker.java:988)
at org.testng.internal.TestMethodWorker.invokeTestMethods(TestMethodWorker.java:125)
at org.testng.internal.TestMethodWorker.run(TestMethodWorker.java:109)
at org.testng.TestRunner.privateRun(TestRunner.java:648)
at org.testng.TestRunner.run(TestRunner.java:505)
at org.testng.SuiteRunner.runTest(SuiteRunner.java:455)
at org.testng.SuiteRunner.runSequentially(SuiteRunner.java:450)
at org.testng.SuiteRunner.privateRun(SuiteRunner.java:415)
at org.testng.SuiteRunner.run(SuiteRunner.java:364)
at org.testng.SuiteRunnerWorker.runSuite(SuiteRunnerWorker.java:52)
at org.testng.SuiteRunnerWorker.run(SuiteRunnerWorker.java:84)
at org.testng.TestNG.runSuitesSequentially(TestNG.java:1208)
at org.testng.TestNG.runSuitesLocally(TestNG.java:1137)
at org.testng.TestNG.runSuites(TestNG.java:1049)
at org.testng.TestNG.run(TestNG.java:1017)
at org.testng.remote.AbstractRemoteTestNG.run(AbstractRemoteTestNG.java:114)
at org.testng.remote.RemoteTestNG.initAndRun(RemoteTestNG.java:251)
at org.testng.remote.RemoteTestNG.main(RemoteTestNG.java:77)
]]>
            </full-stacktrace>
          </exception> <!-- java.lang.AssertionError -->
          <reporter-output>
          </reporter-output>
        </test-method> <!-- testCheckLinks -->
        <test-method status="FAIL" signature="testCheckLinks(java.lang.String, java.lang.String)[pri:0, instance:links.newHttp@4f7d0008]" name="testCheckLinks" duration-ms="59" started-at="2020-03-01T21:31:46Z" data-provider="dp" finished-at="2020-03-01T21:31:46Z">
          <params>
            <param index="0">
              <value>
                <![CDATA[]]>
              </value>
            </param>
            <param index="1">
              <value>
                <![CDATA[https://www.stopagingnow.com/OBP]]>
              </value>
            </param>
          </params>
          <exception class="java.lang.AssertionError">
            <message>
              <![CDATA[expected [OK] but found [Not]]]>
            </message>
            <full-stacktrace>
              <![CDATA[java.lang.AssertionError: expected [OK] but found [Not]
at org.testng.Assert.fail(Assert.java:96)
at org.testng.Assert.failNotEquals(Assert.java:776)
at org.testng.Assert.assertEqualsImpl(Assert.java:137)
at org.testng.Assert.assertEquals(Assert.java:118)
at org.testng.Assert.assertEquals(Assert.java:453)
at org.testng.Assert.assertEquals(Assert.java:463)
at links.newHttp.testCheckLinks(newHttp.java:81)
at sun.reflect.GeneratedMethodAccessor1.invoke(Unknown Source)
at sun.reflect.DelegatingMethodAccessorImpl.invoke(Unknown Source)
at java.lang.reflect.Method.invoke(Unknown Source)
at org.testng.internal.MethodInvocationHelper.invokeMethod(MethodInvocationHelper.java:124)
at org.testng.internal.Invoker.invokeMethod(Invoker.java:580)
at org.testng.internal.Invoker.invokeTestMethod(Invoker.java:716)
at org.testng.internal.Invoker.invokeTestMethods(Invoker.java:988)
at org.testng.internal.TestMethodWorker.invokeTestMethods(TestMethodWorker.java:125)
at org.testng.internal.TestMethodWorker.run(TestMethodWorker.java:109)
at org.testng.TestRunner.privateRun(TestRunner.java:648)
at org.testng.TestRunner.run(TestRunner.java:505)
at org.testng.SuiteRunner.runTest(SuiteRunner.java:455)
at org.testng.SuiteRunner.runSequentially(SuiteRunner.java:450)
at org.testng.SuiteRunner.privateRun(SuiteRunner.java:415)
at org.testng.SuiteRunner.run(SuiteRunner.java:364)
at org.testng.SuiteRunnerWorker.runSuite(SuiteRunnerWorker.java:52)
at org.testng.SuiteRunnerWorker.run(SuiteRunnerWorker.java:84)
at org.testng.TestNG.runSuitesSequentially(TestNG.java:1208)
at org.testng.TestNG.runSuitesLocally(TestNG.java:1137)
at org.testng.TestNG.runSuites(TestNG.java:1049)
at org.testng.TestNG.run(TestNG.java:1017)
at org.testng.remote.AbstractRemoteTestNG.run(AbstractRemoteTestNG.java:114)
at org.testng.remote.RemoteTestNG.initAndRun(RemoteTestNG.java:251)
at org.testng.remote.RemoteTestNG.main(RemoteTestNG.java:77)
]]>
            </full-stacktrace>
          </exception> <!-- java.lang.AssertionError -->
          <reporter-output>
          </reporter-output>
        </test-method> <!-- testCheckLinks -->
        <test-method status="FAIL" signature="testCheckLinks(java.lang.String, java.lang.String)[pri:0, instance:links.newHttp@4f7d0008]" name="testCheckLinks" duration-ms="68" started-at="2020-03-01T21:31:46Z" data-provider="dp" finished-at="2020-03-01T21:31:46Z">
          <params>
            <param index="0">
              <value>
                <![CDATA[]]>
              </value>
            </param>
            <param index="1">
              <value>
                <![CDATA[https://www.stopagingnow.com/OBP]]>
              </value>
            </param>
          </params>
          <exception class="java.lang.AssertionError">
            <message>
              <![CDATA[expected [OK] but found [Not]]]>
            </message>
            <full-stacktrace>
              <![CDATA[java.lang.AssertionError: expected [OK] but found [Not]
at org.testng.Assert.fail(Assert.java:96)
at org.testng.Assert.failNotEquals(Assert.java:776)
at org.testng.Assert.assertEqualsImpl(Assert.java:137)
at org.testng.Assert.assertEquals(Assert.java:118)
at org.testng.Assert.assertEquals(Assert.java:453)
at org.testng.Assert.assertEquals(Assert.java:463)
at links.newHttp.testCheckLinks(newHttp.java:81)
at sun.reflect.GeneratedMethodAccessor1.invoke(Unknown Source)
at sun.reflect.DelegatingMethodAccessorImpl.invoke(Unknown Source)
at java.lang.reflect.Method.invoke(Unknown Source)
at org.testng.internal.MethodInvocationHelper.invokeMethod(MethodInvocationHelper.java:124)
at org.testng.internal.Invoker.invokeMethod(Invoker.java:580)
at org.testng.internal.Invoker.invokeTestMethod(Invoker.java:716)
at org.testng.internal.Invoker.invokeTestMethods(Invoker.java:988)
at org.testng.internal.TestMethodWorker.invokeTestMethods(TestMethodWorker.java:125)
at org.testng.internal.TestMethodWorker.run(TestMethodWorker.java:109)
at org.testng.TestRunner.privateRun(TestRunner.java:648)
at org.testng.TestRunner.run(TestRunner.java:505)
at org.testng.SuiteRunner.runTest(SuiteRunner.java:455)
at org.testng.SuiteRunner.runSequentially(SuiteRunner.java:450)
at org.testng.SuiteRunner.privateRun(SuiteRunner.java:415)
at org.testng.SuiteRunner.run(SuiteRunner.java:364)
at org.testng.SuiteRunnerWorker.runSuite(SuiteRunnerWorker.java:52)
at org.testng.SuiteRunnerWorker.run(SuiteRunnerWorker.java:84)
at org.testng.TestNG.runSuitesSequentially(TestNG.java:1208)
at org.testng.TestNG.runSuitesLocally(TestNG.java:1137)
at org.testng.TestNG.runSuites(TestNG.java:1049)
at org.testng.TestNG.run(TestNG.java:1017)
at org.testng.remote.AbstractRemoteTestNG.run(AbstractRemoteTestNG.java:114)
at org.testng.remote.RemoteTestNG.initAndRun(RemoteTestNG.java:251)
at org.testng.remote.RemoteTestNG.main(RemoteTestNG.java:77)
]]>
            </full-stacktrace>
          </exception> <!-- java.lang.AssertionError -->
          <reporter-output>
          </reporter-output>
        </test-method> <!-- testCheckLinks -->
        <test-method status="FAIL" signature="testCheckLinks(java.lang.String, java.lang.String)[pri:0, instance:links.newHttp@4f7d0008]" name="testCheckLinks" duration-ms="73" started-at="2020-03-01T21:31:46Z" data-provider="dp" finished-at="2020-03-01T21:31:46Z">
          <params>
            <param index="0">
              <value>
                <![CDATA[]]>
              </value>
            </param>
            <param index="1">
              <value>
                <![CDATA[https://www.stopagingnow.com/OBP]]>
              </value>
            </param>
          </params>
          <exception class="java.lang.AssertionError">
            <message>
              <![CDATA[expected [OK] but found [Not]]]>
            </message>
            <full-stacktrace>
              <![CDATA[java.lang.AssertionError: expected [OK] but found [Not]
at org.testng.Assert.fail(Assert.java:96)
at org.testng.Assert.failNotEquals(Assert.java:776)
at org.testng.Assert.assertEqualsImpl(Assert.java:137)
at org.testng.Assert.assertEquals(Assert.java:118)
at org.testng.Assert.assertEquals(Assert.java:453)
at org.testng.Assert.assertEquals(Assert.java:463)
at links.newHttp.testCheckLinks(newHttp.java:81)
at sun.reflect.GeneratedMethodAccessor1.invoke(Unknown Source)
at sun.reflect.DelegatingMethodAccessorImpl.invoke(Unknown Source)
at java.lang.reflect.Method.invoke(Unknown Source)
at org.testng.internal.MethodInvocationHelper.invokeMethod(MethodInvocationHelper.java:124)
at org.testng.internal.Invoker.invokeMethod(Invoker.java:580)
at org.testng.internal.Invoker.invokeTestMethod(Invoker.java:716)
at org.testng.internal.Invoker.invokeTestMethods(Invoker.java:988)
at org.testng.internal.TestMethodWorker.invokeTestMethods(TestMethodWorker.java:125)
at org.testng.internal.TestMethodWorker.run(TestMethodWorker.java:109)
at org.testng.TestRunner.privateRun(TestRunner.java:648)
at org.testng.TestRunner.run(TestRunner.java:505)
at org.testng.SuiteRunner.runTest(SuiteRunner.java:455)
at org.testng.SuiteRunner.runSequentially(SuiteRunner.java:450)
at org.testng.SuiteRunner.privateRun(SuiteRunner.java:415)
at org.testng.SuiteRunner.run(SuiteRunner.java:364)
at org.testng.SuiteRunnerWorker.runSuite(SuiteRunnerWorker.java:52)
at org.testng.SuiteRunnerWorker.run(SuiteRunnerWorker.java:84)
at org.testng.TestNG.runSuitesSequentially(TestNG.java:1208)
at org.testng.TestNG.runSuitesLocally(TestNG.java:1137)
at org.testng.TestNG.runSuites(TestNG.java:1049)
at org.testng.TestNG.run(TestNG.java:1017)
at org.testng.remote.AbstractRemoteTestNG.run(AbstractRemoteTestNG.java:114)
at org.testng.remote.RemoteTestNG.initAndRun(RemoteTestNG.java:251)
at org.testng.remote.RemoteTestNG.main(RemoteTestNG.java:77)
]]>
            </full-stacktrace>
          </exception> <!-- java.lang.AssertionError -->
          <reporter-output>
          </reporter-output>
        </test-method> <!-- testCheckLinks -->
        <test-method status="FAIL" signature="testCheckLinks(java.lang.String, java.lang.String)[pri:0, instance:links.newHttp@4f7d0008]" name="testCheckLinks" duration-ms="60" started-at="2020-03-01T21:31:46Z" data-provider="dp" finished-at="2020-03-01T21:31:46Z">
          <params>
            <param index="0">
              <value>
                <![CDATA[]]>
              </value>
            </param>
            <param index="1">
              <value>
                <![CDATA[https://www.stopagingnow.com/IDF]]>
              </value>
            </param>
          </params>
          <exception class="java.lang.AssertionError">
            <message>
              <![CDATA[expected [OK] but found [Not]]]>
            </message>
            <full-stacktrace>
              <![CDATA[java.lang.AssertionError: expected [OK] but found [Not]
at org.testng.Assert.fail(Assert.java:96)
at org.testng.Assert.failNotEquals(Assert.java:776)
at org.testng.Assert.assertEqualsImpl(Assert.java:137)
at org.testng.Assert.assertEquals(Assert.java:118)
at org.testng.Assert.assertEquals(Assert.java:453)
at org.testng.Assert.assertEquals(Assert.java:463)
at links.newHttp.testCheckLinks(newHttp.java:81)
at sun.reflect.GeneratedMethodAccessor1.invoke(Unknown Source)
at sun.reflect.DelegatingMethodAccessorImpl.invoke(Unknown Source)
at java.lang.reflect.Method.invoke(Unknown Source)
at org.testng.internal.MethodInvocationHelper.invokeMethod(MethodInvocationHelper.java:124)
at org.testng.internal.Invoker.invokeMethod(Invoker.java:580)
at org.testng.internal.Invoker.invokeTestMethod(Invoker.java:716)
at org.testng.internal.Invoker.invokeTestMethods(Invoker.java:988)
at org.testng.internal.TestMethodWorker.invokeTestMethods(TestMethodWorker.java:125)
at org.testng.internal.TestMethodWorker.run(TestMethodWorker.java:109)
at org.testng.TestRunner.privateRun(TestRunner.java:648)
at org.testng.TestRunner.run(TestRunner.java:505)
at org.testng.SuiteRunner.runTest(SuiteRunner.java:455)
at org.testng.SuiteRunner.runSequentially(SuiteRunner.java:450)
at org.testng.SuiteRunner.privateRun(SuiteRunner.java:415)
at org.testng.SuiteRunner.run(SuiteRunner.java:364)
at org.testng.SuiteRunnerWorker.runSuite(SuiteRunnerWorker.java:52)
at org.testng.SuiteRunnerWorker.run(SuiteRunnerWorker.java:84)
at org.testng.TestNG.runSuitesSequentially(TestNG.java:1208)
at org.testng.TestNG.runSuitesLocally(TestNG.java:1137)
at org.testng.TestNG.runSuites(TestNG.java:1049)
at org.testng.TestNG.run(TestNG.java:1017)
at org.testng.remote.AbstractRemoteTestNG.run(AbstractRemoteTestNG.java:114)
at org.testng.remote.RemoteTestNG.initAndRun(RemoteTestNG.java:251)
at org.testng.remote.RemoteTestNG.main(RemoteTestNG.java:77)
]]>
            </full-stacktrace>
          </exception> <!-- java.lang.AssertionError -->
          <reporter-output>
          </reporter-output>
        </test-method> <!-- testCheckLinks -->
        <test-method status="FAIL" signature="testCheckLinks(java.lang.String, java.lang.String)[pri:0, instance:links.newHttp@4f7d0008]" name="testCheckLinks" duration-ms="65" started-at="2020-03-01T21:31:46Z" data-provider="dp" finished-at="2020-03-01T21:31:46Z">
          <params>
            <param index="0">
              <value>
                <![CDATA[]]>
              </value>
            </param>
            <param index="1">
              <value>
                <![CDATA[https://www.stopagingnow.com/IDF]]>
              </value>
            </param>
          </params>
          <exception class="java.lang.AssertionError">
            <message>
              <![CDATA[expected [OK] but found [Not]]]>
            </message>
            <full-stacktrace>
[...]
at org.testng.Assert.assertEquals(Assert.java:453)
at org.testng.Assert.assertEquals(Assert.java:463)
at links.newHttp.testCheckLinks(newHttp.java:81)
at sun.reflect.GeneratedMethodAccessor1.invoke(Unknown Source)
at sun.reflect.DelegatingMethodAccessorImpl.invoke(Unknown Source)
at java.lang.reflect.Method.invoke(Unknown Source)
at org.testng.internal.MethodInvocationHelper.invokeMethod(MethodInvocationHelper.java:124)
at org.testng.internal.Invoker.invokeMethod(Invoker.java:580)
at org.testng.internal.Invoker.invokeTestMethod(Invoker.java:716)
at org.testng.internal.Invoker.invokeTestMethods(Invoker.java:988)
at org.testng.internal.TestMethodWorker.invokeTestMethods(TestMethodWorker.java:125)
at org.testng.internal.TestMethodWorker.run(TestMethodWorker.java:109)
at org.testng.TestRunner.privateRun(TestRunner.java:648)
at org.testng.TestRunner.run(TestRunner.java:505)
at org.testng.SuiteRunner.runTest(SuiteRunner.java:455)
at org.testng.SuiteRunner.runSequentially(SuiteRunner.java:450)
at org.testng.SuiteRunner.privateRun(SuiteRunner.java:415)
at org.testng.SuiteRunner.run(SuiteRunner.java:364)
at org.testng.SuiteRunnerWorker.runSuite(SuiteRunnerWorker.java:52)
at org.testng.SuiteRunnerWorker.run(SuiteRunnerWorker.java:84)
at org.testng.TestNG.runSuitesSequentially(TestNG.java:1208)
at org.testng.TestNG.runSuitesLocally(TestNG.java:1137)
at org.testng.TestNG.runSuites(TestNG.java:1049)
at org.testng.TestNG.run(TestNG.java:1017)
at org.testng.remote.AbstractRemoteTestNG.run(AbstractRemoteTestNG.java:114)
at org.testng.remote.RemoteTestNG.initAndRun(RemoteTestNG.java:251)
at org.testng.remote.RemoteTestNG.main(RemoteTestNG.java:77)
]]>
            </full-stacktrace>
          </exception> <!-- java.lang.AssertionError -->
          <reporter-output>
          </reporter-output>
        </test-method> <!-- testCheckLinks -->
        <test-method status="PASS" signature="testCheckLinks(java.lang.String, java.lang.String)[pri:0, instance:links.newHttp@4f7d0008]" name="testCheckLinks" duration-ms="201" started-at="2020-03-01T21:32:23Z" data-provider="dp" finished-at="2020-03-01T21:32:23Z">
          <params>
            <param index="0">
              <value>
                <![CDATA[]]>
              </value>
            </param>
            <param index="1">
              <value>
                <![CDATA[https://www.stopagingnow.com/#]]>
              </value>
            </param>
          </params>
          <reporter-output>
          </reporter-output>
        </test-method> <!-- testCheckLinks -->
        <test-method status="PASS" signature="testCheckLinks(java.lang.String, java.lang.String)[pri:0, instance:links.newHttp@4f7d0008]" name="testCheckLinks" duration-ms="211" started-at="2020-03-01T21:32:23Z" data-provider="dp" finished-at="2020-03-01T21:32:23Z">
          <params>
            <param index="0">
              <value>
                <![CDATA[]]>
              </value>
            </param>
            <param index="1">
              <value>
                <![CDATA[https://www.stopagingnow.com/#]]>
              </value>
            </param>
          </params>
          <reporter-output>
          </reporter-output>
        </test-method> <!-- testCheckLinks -->
        <test-method status="FAIL" signature="testCheckLinks(java.lang.String, java.lang.String)[pri:0, instance:links.newHttp@4f7d0008]" name="testCheckLinks" duration-ms="82" started-at="2020-03-01T21:32:23Z" data-provider="dp" finished-at="2020-03-01T21:32:24Z">
          <params>
            <param index="0">
              <value>
                <![CDATA[]]>
              </value>
            </param>
            <param index="1">
              <value>
                <![CDATA[https://onetrust.com/poweredbyonetrust]]>
              </value>
            </param>
          </params>
          <exception class="java.lang.AssertionError">
            <message>
              <![CDATA[expected [OK] but found [Not]]]>
            </message>
            <full-stacktrace>
              <![CDATA[java.lang.AssertionError: expected [OK] but found [Not]
at org.testng.Assert.fail(Assert.java:96)
at org.testng.Assert.failNotEquals(Assert.java:776)
at org.testng.Assert.assertEqualsImpl(Assert.java:137)
at org.testng.Assert.assertEquals(Assert.java:118)
at org.testng.Assert.assertEquals(Assert.java:453)
at org.testng.Assert.assertEquals(Assert.java:463)
at links.newHttp.testCheckLinks(newHttp.java:81)
at sun.reflect.GeneratedMethodAccessor1.invoke(Unknown Source)
at sun.reflect.DelegatingMethodAccessorImpl.invoke(Unknown Source)
at java.lang.reflect.Method.invoke(Unknown Source)
at org.testng.internal.MethodInvocationHelper.invokeMethod(MethodInvocationHelper.java:124)
at org.testng.internal.Invoker.invokeMethod(Invoker.java:580)
at org.testng.internal.Invoker.invokeTestMethod(Invoker.java:716)
at org.testng.internal.Invoker.invokeTestMethods(Invoker.java:988)
at org.testng.internal.TestMethodWorker.invokeTestMethods(TestMethodWorker.java:125)
at org.testng.internal.TestMethodWorker.run(TestMethodWorker.java:109)
at org.testng.TestRunner.privateRun(TestRunner.java:648)
at org.testng.TestRunner.run(TestRunner.java:505)
at org.testng.SuiteRunner.runTest(SuiteRunner.java:455)
at org.testng.SuiteRunner.runSequentially(SuiteRunner.java:450)
at org.testng.SuiteRunner.privateRun(SuiteRunner.java:415)
at org.testng.SuiteRunner.run(SuiteRunner.java:364)
at org.testng.SuiteRunnerWorker.runSuite(SuiteRunnerWorker.java:52)
at org.testng.SuiteRunnerWorker.run(SuiteRunnerWorker.java:84)
at org.testng.TestNG.runSuitesSequentially(TestNG.java:1208)
at org.testng.TestNG.runSuitesLocally(TestNG.java:1137)
at org.testng.TestNG.runSuites(TestNG.java:1049)
at org.testng.TestNG.run(TestNG.java:1017)
at org.testng.remote.AbstractRemoteTestNG.run(AbstractRemoteTestNG.java:114)
at org.testng.remote.RemoteTestNG.initAndRun(RemoteTestNG.java:251)
at org.testng.remote.RemoteTestNG.main(RemoteTestNG.java:77)
]]>
            </full-stacktrace>
          </exception> <!-- java.lang.AssertionError -->
          <reporter-output>
          </reporter-output>
        </test-method> <!-- testCheckLinks -->
        <test-method status="FAIL" signature="testCheckLinks(java.lang.String, java.lang.String)[pri:0, instance:links.newHttp@4f7d0008]" name="testCheckLinks" duration-ms="2" started-at="2020-03-01T21:32:24Z" data-provider="dp" finished-at="2020-03-01T21:32:24Z">
          <params>
            <param index="0">
              <value>
                <![CDATA[]]>
              </value>
            </param>
            <param index="1">
              <value>
                <![CDATA[javascript:void(0)]]>
              </value>
            </param>
          </params>
          <exception class="java.lang.AssertionError">
            <message>
              <![CDATA[expected [OK] but found [Not]]]>
            </message>
            <full-stacktrace>
              <![CDATA[java.lang.AssertionError: expected [OK] but found [Not]
at org.testng.Assert.fail(Assert.java:96)
at org.testng.Assert.failNotEquals(Assert.java:776)
at org.testng.Assert.assertEqualsImpl(Assert.java:137)
at org.testng.Assert.assertEquals(Assert.java:118)
at org.testng.Assert.assertEquals(Assert.java:453)
at org.testng.Assert.assertEquals(Assert.java:463)
at links.newHttp.testCheckLinks(newHttp.java:81)
at sun.reflect.GeneratedMethodAccessor1.invoke(Unknown Source)
at sun.reflect.DelegatingMethodAccessorImpl.invoke(Unknown Source)
at java.lang.reflect.Method.invoke(Unknown Source)
at org.testng.internal.MethodInvocationHelper.invokeMethod(MethodInvocationHelper.java:124)
at org.testng.internal.Invoker.invokeMethod(Invoker.java:580)
at org.testng.internal.Invoker.invokeTestMethod(Invoker.java:716)
at org.testng.internal.Invoker.invokeTestMethods(Invoker.java:988)
at org.testng.internal.TestMethodWorker.invokeTestMethods(TestMethodWorker.java:125)
at org.testng.internal.TestMethodWorker.run(TestMethodWorker.java:109)
at org.testng.TestRunner.privateRun(TestRunner.java:648)
at org.testng.TestRunner.run(TestRunner.java:505)
at org.testng.SuiteRunner.runTest(SuiteRunner.java:455)
at org.testng.SuiteRunner.runSequentially(SuiteRunner.java:450)
at org.testng.SuiteRunner.privateRun(SuiteRunner.java:415)
at org.testng.SuiteRunner.run(SuiteRunner.java:364)
at org.testng.SuiteRunnerWorker.runSuite(SuiteRunnerWorker.java:52)
at org.testng.SuiteRunnerWorker.run(SuiteRunnerWorker.java:84)
at org.testng.TestNG.runSuitesSequentially(TestNG.java:1208)
at org.testng.TestNG.runSuitesLocally(TestNG.java:1137)
at org.testng.TestNG.runSuites(TestNG.java:1049)
at org.testng.TestNG.run(TestNG.java:1017)
at org.testng.remote.AbstractRemoteTestNG.run(AbstractRemoteTestNG.java:114)
at org.testng.remote.RemoteTestNG.initAndRun(RemoteTestNG.java:251)
at org.testng.remote.RemoteTestNG.main(RemoteTestNG.java:77)
]]>
            </full-stacktrace>
          </exception> <!-- java.lang.AssertionError -->
          <reporter-output>
          </reporter-output>
        </test-method> <!-- testCheckLinks -->
        <test-method status="PASS" signature="testCheckLinks(java.lang.String, java.lang.String)[pri:0, instance:links.newHttp@4f7d0008]" name="testCheckLinks" duration-ms="45" started-at="2020-03-01T21:32:24Z" data-provider="dp" finished-at="2020-03-01T21:32:24Z">
          <params>
            <param index="0">
              <value>
                <![CDATA[Privacy Policy]]>
              </value>
            </param>
            <param index="1">
              <value>
                <![CDATA[https://www.thecloroxcompany.com/privacy/]]>
              </value>
            </param>
          </params>
          <reporter-output>
          </reporter-output>
        </test-method> <!-- testCheckLinks -->
        <test-method status="FAIL" signature="testCheckLinks(java.lang.String, java.lang.String)[pri:0, instance:links.newHttp@4f7d0008]" name="testCheckLinks" duration-ms="2" started-at="2020-03-01T21:32:24Z" data-provider="dp" finished-at="2020-03-01T21:32:24Z">
          <params>
            <param index="0">
              <value>
                <![CDATA[]]>
              </value>
            </param>
            <param index="1">
              <value>
                <![CDATA[javascript:void(0)]]>
              </value>
            </param>
          </params>
          <exception class="java.lang.AssertionError">
            <message>
              <![CDATA[expected [OK] but found [Not]]]>
            </message>
            <full-stacktrace>
              <![CDATA[java.lang.AssertionError: expected [OK] but found [Not]
at org.testng.Assert.fail(Assert.java:96)
at org.testng.Assert.failNotEquals(Assert.java:776)
at org.testng.Assert.assertEqualsImpl(Assert.java:137)
at org.testng.Assert.assertEquals(Assert.java:118)
at org.testng.Assert.assertEquals(Assert.java:453)
at org.testng.Assert.assertEquals(Assert.java:463)
at links.newHttp.testCheckLinks(newHttp.java:81)
at sun.reflect.GeneratedMethodAccessor1.invoke(Unknown Source)
at sun.reflect.DelegatingMethodAccessorImpl.invoke(Unknown Source)
at java.lang.reflect.Method.invoke(Unknown Source)
at org.testng.internal.MethodInvocationHelper.invokeMethod(MethodInvocationHelper.java:124)
at org.testng.internal.Invoker.invokeMethod(Invoker.java:580)
at org.testng.internal.Invoker.invokeTestMethod(Invoker.java:716)
at org.testng.internal.Invoker.invokeTestMethods(Invoker.java:988)
at org.testng.internal.TestMethodWorker.invokeTestMethods(TestMethodWorker.java:125)
at org.testng.internal.TestMethodWorker.run(TestMethodWorker.java:109)
at org.testng.TestRunner.privateRun(TestRunner.java:648)
at org.testng.TestRunner.run(TestRunner.java:505)
at org.testng.SuiteRunner.runTest(SuiteRunner.java:455)
at org.testng.SuiteRunner.runSequentially(SuiteRunner.java:450)
at org.testng.SuiteRunner.privateRun(SuiteRunner.java:415)
at org.testng.SuiteRunner.run(SuiteRunner.java:364)
at org.testng.SuiteRunnerWorker.runSuite(SuiteRunnerWorker.java:52)
at org.testng.SuiteRunnerWorker.run(SuiteRunnerWorker.java:84)
at org.testng.TestNG.runSuitesSequentially(TestNG.java:1208)
at org.testng.TestNG.runSuitesLocally(TestNG.java:1137)
at org.testng.TestNG.runSuites(TestNG.java:1049)
at org.testng.TestNG.run(TestNG.java:1017)
at org.testng.remote.AbstractRemoteTestNG.run(AbstractRemoteTestNG.java:114)
at org.testng.remote.RemoteTestNG.initAndRun(RemoteTestNG.java:251)
at org.testng.remote.RemoteTestNG.main(RemoteTestNG.java:77)
]]>
            </full-stacktrace>
          </exception> <!-- java.lang.AssertionError -->
          <reporter-output>
          </reporter-output>
        </test-method> <!-- testCheckLinks -->
        <test-method status="FAIL" signature="testCheckLinks(java.lang.String, java.lang.String)[pri:0, instance:links.newHttp@4f7d0008]" name="testCheckLinks" duration-ms="1" started-at="2020-03-01T21:32:24Z" data-provider="dp" finished-at="2020-03-01T21:32:24Z">
          <params>
            <param index="0">
              <value>
                <![CDATA[]]>
              </value>
            </param>
            <param index="1">
              <value>
                <![CDATA[javascript:void(0)]]>
              </value>
            </param>
          </params>
          <exception class="java.lang.AssertionError">
            <message>
              <![CDATA[expected [OK] but found [Not]]]>
            </message>
            <full-stacktrace>
              <![CDATA[java.lang.AssertionError: expected [OK] but found [Not]
at org.testng.Assert.fail(Assert.java:96)
at org.testng.Assert.failNotEquals(Assert.java:776)
at org.testng.Assert.assertEqualsImpl(Assert.java:137)
at org.testng.Assert.assertEquals(Assert.java:118)
at org.testng.Assert.assertEquals(Assert.java:453)
at org.testng.Assert.assertEquals(Assert.java:463)
at links.newHttp.testCheckLinks(newHttp.java:81)
at sun.reflect.GeneratedMethodAccessor1.invoke(Unknown Source)
at sun.reflect.DelegatingMethodAccessorImpl.invoke(Unknown Source)
at java.lang.reflect.Method.invoke(Unknown Source)
at org.testng.internal.MethodInvocationHelper.invokeMethod(MethodInvocationHelper.java:124)
at org.testng.internal.Invoker.invokeMethod(Invoker.java:580)
at org.testng.internal.Invoker.invokeTestMethod(Invoker.java:716)
at org.testng.internal.Invoker.invokeTestMethods(Invoker.java:988)
at org.testng.internal.TestMethodWorker.invokeTestMethods(TestMethodWorker.java:125)
at org.testng.internal.TestMethodWorker.run(TestMethodWorker.java:109)
at org.testng.TestRunner.privateRun(TestRunner.java:648)
at org.testng.TestRunner.run(TestRunner.java:505)
at org.testng.SuiteRunner.runTest(SuiteRunner.java:455)
at org.testng.SuiteRunner.runSequentially(SuiteRunner.java:450)
at org.testng.SuiteRunner.privateRun(SuiteRunner.java:415)
at org.testng.SuiteRunner.run(SuiteRunner.java:364)
at org.testng.SuiteRunnerWorker.runSuite(SuiteRunnerWorker.java:52)
at org.testng.SuiteRunnerWorker.run(SuiteRunnerWorker.java:84)
at org.testng.TestNG.runSuitesSequentially(TestNG.java:1208)
at org.testng.TestNG.runSuitesLocally(TestNG.java:1137)
at org.testng.TestNG.runSuites(TestNG.java:1049)
at org.testng.TestNG.run(TestNG.java:1017)
at org.testng.remote.AbstractRemoteTestNG.run(AbstractRemoteTestNG.java:114)
at org.testng.remote.RemoteTestNG.initAndRun(RemoteTestNG.java:251)
at org.testng.remote.RemoteTestNG.main(RemoteTestNG.java:77)
]]>
            </full-stacktrace>
          </exception> <!-- java.lang.AssertionError -->
          <reporter-output>
          </reporter-output>
        </test-method> <!-- testCheckLinks -->
        <test-method status="PASS" signature="testCheckLinks(java.lang.String, java.lang.String)[pri:0, instance:links.newHttp@4f7d0008]" name="testCheckLinks" duration-ms="168" started-at="2020-03-01T21:32:24Z" data-provider="dp" finished-at="2020-03-01T21:32:24Z">
          <params>
            <param index="0">
              <value>
                <![CDATA[]]>
              </value>
            </param>
            <param index="1">
              <value>
                <![CDATA[https://www.stopagingnow.com/products/bestsellers]]>
              </value>
            </param>
          </params>
          <reporter-output>
          </reporter-output>
        </test-method> <!-- testCheckLinks -->
        <test-method status="FAIL" signature="testCheckLinks(java.lang.String, java.lang.String)[pri:0, instance:links.newHttp@4f7d0008]" name="testCheckLinks" duration-ms="4" started-at="2020-03-01T21:32:24Z" data-provider="dp" finished-at="2020-03-01T21:32:24Z">
          <params>
            <param index="0">
              <value>
                <![CDATA[]]>
              </value>
            </param>
            <param index="1">
              <value>
                <![CDATA[javascript:void(0)]]>
              </value>
            </param>
          </params>
          <exception class="java.lang.AssertionError">
            <message>
              <![CDATA[expected [OK] but found [Not]]]>
            </message>
            <full-stacktrace>
              <![CDATA[java.lang.AssertionError: expected [OK] but found [Not]
at org.testng.Assert.fail(Assert.java:96)
at org.testng.Assert.failNotEquals(Assert.java:776)
at org.testng.Assert.assertEqualsImpl(Assert.java:137)
at org.testng.Assert.assertEquals(Assert.java:118)
at org.testng.Assert.assertEquals(Assert.java:453)
at org.testng.Assert.assertEquals(Assert.java:463)
at links.newHttp.testCheckLinks(newHttp.java:81)
at sun.reflect.GeneratedMethodAccessor1.invoke(Unknown Source)
at sun.reflect.DelegatingMethodAccessorImpl.invoke(Unknown Source)
at java.lang.reflect.Method.invoke(Unknown Source)
at org.testng.internal.MethodInvocationHelper.invokeMethod(MethodInvocationHelper.java:124)
at org.testng.internal.Invoker.invokeMethod(Invoker.java:580)
at org.testng.internal.Invoker.invokeTestMethod(Invoker.java:716)
at org.testng.internal.Invoker.invokeTestMethods(Invoker.java:988)
at org.testng.internal.TestMethodWorker.invokeTestMethods(TestMethodWorker.java:125)
at org.testng.internal.TestMethodWorker.run(TestMethodWorker.java:109)
at org.testng.TestRunner.privateRun(TestRunner.java:648)
at org.testng.TestRunner.run(TestRunner.java:505)
at org.testng.SuiteRunner.runTest(SuiteRunner.java:455)
at org.testng.SuiteRunner.runSequentially(SuiteRunner.java:450)
at org.testng.SuiteRunner.privateRun(SuiteRunner.java:415)
at org.testng.SuiteRunner.run(SuiteRunner.java:364)
at org.testng.SuiteRunnerWorker.runSuite(SuiteRunnerWorker.java:52)
at org.testng.SuiteRunnerWorker.run(SuiteRunnerWorker.java:84)
at org.testng.TestNG.runSuitesSequentially(TestNG.java:1208)
at org.testng.TestNG.runSuitesLocally(TestNG.java:1137)
at org.testng.TestNG.runSuites(TestNG.java:1049)
at org.testng.TestNG.run(TestNG.java:1017)
at org.testng.remote.AbstractRemoteTestNG.run(AbstractRemoteTestNG.java:114)
at org.testng.remote.RemoteTestNG.initAndRun(RemoteTestNG.java:251)
at org.testng.remote.RemoteTestNG.main(RemoteTestNG.java:77)
]]>
            </full-stacktrace>
          </exception> <!-- java.lang.AssertionError -->
          <reporter-output>
          </reporter-output>
        </test-method> <!-- testCheckLinks -->
        <test-method status="PASS" signature="closeTheBrowser()[pri:0, instance:links.newHttp@4f7d0008]" name="closeTheBrowser" is-config="true" duration-ms="4144" started-at="2020-03-01T21:32:24Z" finished-at="2020-03-01T21:32:28Z">
          <reporter-output>
          </reporter-output>
        </test-method> <!-- closeTheBrowser -->
      </class> <!-- links.newHttp -->
    </test> <!-- Default test -->
  </suite> <!-- Default suite -->
</testng-results>
