<?xml version="1.0" encoding="UTF-8"?>
<testng-results skipped="0" failed="4" ignored="0" total="83" passed="79">
  <reporter-output>
  </reporter-output>
  <suite name="Default suite" duration-ms="33808" started-at="2020-02-08T23:51:54Z" finished-at="2020-02-08T23:52:27Z">
    <groups>
    </groups>
    <test name="Default test" duration-ms="33808" started-at="2020-02-08T23:51:54Z" finished-at="2020-02-08T23:52:27Z">
      <class name="links.httpURLConnection">
        <test-method status="PASS" signature="openobj()[pri:0, instance:links.httpURLConnection@204f30ec]" name="openobj" is-config="true" duration-ms="10924" started-at="2020-02-08T23:51:54Z" finished-at="2020-02-08T23:52:05Z">
          <reporter-output>
          </reporter-output>
        </test-method> <!-- openobj -->
        <test-method status="PASS" signature="testCheckLinks(java.lang.String, java.lang.String)[pri:0, instance:links.httpURLConnection@204f30ec]" name="testCheckLinks" duration-ms="2826" started-at="2020-02-08T23:52:09Z" data-provider="dp" finished-at="2020-02-08T23:52:12Z">
          <params>
            <param index="0">
              <value>
                <![CDATA[Privacy Policy]]>
              </value>
            </param>
            <param index="1">
              <value>
                <![CDATA[https://www.thecloroxcompany.com/privacy/]]>
              </value>
            </param>
          </params>
          <reporter-output>
          </reporter-output>
        </test-method> <!-- testCheckLinks -->
        <test-method status="FAIL" signature="testCheckLinks(java.lang.String, java.lang.String)[pri:0, instance:links.httpURLConnection@204f30ec]" name="testCheckLinks" duration-ms="118" started-at="2020-02-08T23:52:12Z" data-provider="dp" finished-at="2020-02-08T23:52:12Z">
          <params>
            <param index="0">
              <value>
                <![CDATA[]]>
              </value>
            </param>
            <param index="1">
              <value>
                <![CDATA[https://cookiepedia.co.uk/giving-consent-to-cookies]]>
              </value>
            </param>
          </params>
          <exception class="java.lang.AssertionError">
            <message>
              <![CDATA[expected [200] but found [403]]]>
            </message>
            <full-stacktrace>
              <![CDATA[java.lang.AssertionError: expected [200] but found [403]
at org.testng.Assert.fail(Assert.java:96)
at org.testng.Assert.failNotEquals(Assert.java:776)
at org.testng.Assert.assertEqualsImpl(Assert.java:137)
at org.testng.Assert.assertEquals(Assert.java:118)
at org.testng.Assert.assertEquals(Assert.java:652)
at org.testng.Assert.assertEquals(Assert.java:662)
at links.httpURLConnection.testCheckLinks(httpURLConnection.java:70)
at sun.reflect.NativeMethodAccessorImpl.invoke0(Native Method)
at sun.reflect.NativeMethodAccessorImpl.invoke(Unknown Source)
at sun.reflect.DelegatingMethodAccessorImpl.invoke(Unknown Source)
at java.lang.reflect.Method.invoke(Unknown Source)
at org.testng.internal.MethodInvocationHelper.invokeMethod(MethodInvocationHelper.java:124)
at org.testng.internal.Invoker.invokeMethod(Invoker.java:580)
at org.testng.internal.Invoker.invokeTestMethod(Invoker.java:716)
at org.testng.internal.Invoker.invokeTestMethods(Invoker.java:988)
at org.testng.internal.TestMethodWorker.invokeTestMethods(TestMethodWorker.java:125)
at org.testng.internal.TestMethodWorker.run(TestMethodWorker.java:109)
at org.testng.TestRunner.privateRun(TestRunner.java:648)
at org.testng.TestRunner.run(TestRunner.java:505)
at org.testng.SuiteRunner.runTest(SuiteRunner.java:455)
at org.testng.SuiteRunner.runSequentially(SuiteRunner.java:450)
at org.testng.SuiteRunner.privateRun(SuiteRunner.java:415)
at org.testng.SuiteRunner.run(SuiteRunner.java:364)
at org.testng.SuiteRunnerWorker.runSuite(SuiteRunnerWorker.java:52)
at org.testng.SuiteRunnerWorker.run(SuiteRunnerWorker.java:84)
at org.testng.TestNG.runSuitesSequentially(TestNG.java:1208)
at org.testng.TestNG.runSuitesLocally(TestNG.java:1137)
at org.testng.TestNG.runSuites(TestNG.java:1049)
at org.testng.TestNG.run(TestNG.java:1017)
at org.testng.remote.AbstractRemoteTestNG.run(AbstractRemoteTestNG.java:114)
at org.testng.remote.RemoteTestNG.initAndRun(RemoteTestNG.java:251)
at org.testng.remote.RemoteTestNG.main(RemoteTestNG.java:77)
]]>
            </full-stacktrace>
          </exception> <!-- java.lang.AssertionError -->
          <reporter-output>
          </reporter-output>
        </test-method> <!-- testCheckLinks -->
        <test-method status="FAIL" signature="testCheckLinks(java.lang.String, java.lang.String)[pri:0, instance:links.httpURLConnection@204f30ec]" name="testCheckLinks" duration-ms="103" started-at="2020-02-08T23:52:12Z" data-provider="dp" finished-at="2020-02-08T23:52:13Z">
          <params>
            <param index="0">
              <value>
                <![CDATA[]]>
              </value>
            </param>
            <param index="1">
              <value>
                <![CDATA[https://onetrust.com/poweredbyonetrust]]>
              </value>
            </param>
          </params>
          <exception class="java.lang.AssertionError">
            <message>
              <![CDATA[expected [200] but found [403]]]>
            </message>
            <full-stacktrace>
              <![CDATA[java.lang.AssertionError: expected [200] but found [403]
at org.testng.Assert.fail(Assert.java:96)
at org.testng.Assert.failNotEquals(Assert.java:776)
at org.testng.Assert.assertEqualsImpl(Assert.java:137)
at org.testng.Assert.assertEquals(Assert.java:118)
at org.testng.Assert.assertEquals(Assert.java:652)
at org.testng.Assert.assertEquals(Assert.java:662)
at links.httpURLConnection.testCheckLinks(httpURLConnection.java:70)
at sun.reflect.NativeMethodAccessorImpl.invoke0(Native Method)
at sun.reflect.NativeMethodAccessorImpl.invoke(Unknown Source)
at sun.reflect.DelegatingMethodAccessorImpl.invoke(Unknown Source)
at java.lang.reflect.Method.invoke(Unknown Source)
at org.testng.internal.MethodInvocationHelper.invokeMethod(MethodInvocationHelper.java:124)
at org.testng.internal.Invoker.invokeMethod(Invoker.java:580)
at org.testng.internal.Invoker.invokeTestMethod(Invoker.java:716)
at org.testng.internal.Invoker.invokeTestMethods(Invoker.java:988)
at org.testng.internal.TestMethodWorker.invokeTestMethods(TestMethodWorker.java:125)
at org.testng.internal.TestMethodWorker.run(TestMethodWorker.java:109)
at org.testng.TestRunner.privateRun(TestRunner.java:648)
at org.testng.TestRunner.run(TestRunner.java:505)
at org.testng.SuiteRunner.runTest(SuiteRunner.java:455)
at org.testng.SuiteRunner.runSequentially(SuiteRunner.java:450)
at org.testng.SuiteRunner.privateRun(SuiteRunner.java:415)
at org.testng.SuiteRunner.run(SuiteRunner.java:364)
at org.testng.SuiteRunnerWorker.runSuite(SuiteRunnerWorker.java:52)
at org.testng.SuiteRunnerWorker.run(SuiteRunnerWorker.java:84)
at org.testng.TestNG.runSuitesSequentially(TestNG.java:1208)
at org.testng.TestNG.runSuitesLocally(TestNG.java:1137)
at org.testng.TestNG.runSuites(TestNG.java:1049)
at org.testng.TestNG.run(TestNG.java:1017)
at org.testng.remote.AbstractRemoteTestNG.run(AbstractRemoteTestNG.java:114)
at org.testng.remote.RemoteTestNG.initAndRun(RemoteTestNG.java:251)
at org.testng.remote.RemoteTestNG.main(RemoteTestNG.java:77)
]]>
            </full-stacktrace>
          </exception> <!-- java.lang.AssertionError -->
          <reporter-output>
          </reporter-output>
        </test-method> <!-- testCheckLinks -->
        <test-method status="PASS" signature="testCheckLinks(java.lang.String, java.lang.String)[pri:0, instance:links.httpURLConnection@204f30ec]" name="testCheckLinks" duration-ms="88" started-at="2020-02-08T23:52:13Z" data-provider="dp" finished-at="2020-02-08T23:52:13Z">
          <params>
            <param index="0">
              <value>
                <![CDATA[LIMITED TIME: FREE SHIPPING FOR ALL NEW CUSTOMERS]]>
              </value>
            </param>
            <param index="1">
              <value>
                <![CDATA[https://www.objectivewellness.com/gallery]]>
              </value>
            </param>
          </params>
          <reporter-output>
          </reporter-output>
        </test-method> <!-- testCheckLinks -->
        <test-method status="PASS" signature="testCheckLinks(java.lang.String, java.lang.String)[pri:0, instance:links.httpURLConnection@204f30ec]" name="testCheckLinks" duration-ms="45" started-at="2020-02-08T23:52:13Z" data-provider="dp" finished-at="2020-02-08T23:52:13Z">
          <params>
            <param index="0">
              <value>
                <![CDATA[SHOP]]>
              </value>
            </param>
            <param index="1">
              <value>
                <![CDATA[https://www.objectivewellness.com/gallery]]>
              </value>
            </param>
          </params>
          <reporter-output>
          </reporter-output>
        </test-method> <!-- testCheckLinks -->
        <test-method status="PASS" signature="testCheckLinks(java.lang.String, java.lang.String)[pri:0, instance:links.httpURLConnection@204f30ec]" name="testCheckLinks" duration-ms="44" started-at="2020-02-08T23:52:13Z" data-provider="dp" finished-at="2020-02-08T23:52:13Z">
          <params>
            <param index="0">
              <value>
                <![CDATA[JOURNAL]]>
              </value>
            </param>
            <param index="1">
              <value>
                <![CDATA[https://www.objectivewellness.com/journal]]>
              </value>
            </param>
          </params>
          <reporter-output>
          </reporter-output>
        </test-method> <!-- testCheckLinks -->
        <test-method status="PASS" signature="testCheckLinks(java.lang.String, java.lang.String)[pri:0, instance:links.httpURLConnection@204f30ec]" name="testCheckLinks" duration-ms="45" started-at="2020-02-08T23:52:13Z" data-provider="dp" finished-at="2020-02-08T23:52:13Z">
          <params>
            <param index="0">
              <value>
                <![CDATA[.CLS-1{FILL:#231F20;}ASSET 37]]>
              </value>
            </param>
            <param index="1">
              <value>
                <![CDATA[https://www.objectivewellness.com/]]>
              </value>
            </param>
          </params>
          <reporter-output>
          </reporter-output>
        </test-method> <!-- testCheckLinks -->
        <test-method status="FAIL" signature="testCheckLinks(java.lang.String, java.lang.String)[pri:0, instance:links.httpURLConnection@204f30ec]" name="testCheckLinks" duration-ms="3" started-at="2020-02-08T23:52:13Z" data-provider="dp" finished-at="2020-02-08T23:52:13Z">
          <params>
            <param index="0">
              <value>
                <![CDATA[ACCOUNT]]>
              </value>
            </param>
            <param index="1">
              <value>
                <![CDATA[]]>
              </value>
            </param>
          </params>
          <exception class="java.lang.AssertionError">
            <message>
              <![CDATA[expected [200] but found [404]]]>
            </message>
            <full-stacktrace>
              <![CDATA[java.lang.AssertionError: expected [200] but found [404]
at org.testng.Assert.fail(Assert.java:96)
at org.testng.Assert.failNotEquals(Assert.java:776)
at org.testng.Assert.assertEqualsImpl(Assert.java:137)
at org.testng.Assert.assertEquals(Assert.java:118)
at org.testng.Assert.assertEquals(Assert.java:652)
at org.testng.Assert.assertEquals(Assert.java:662)
at links.httpURLConnection.testCheckLinks(httpURLConnection.java:70)
at sun.reflect.NativeMethodAccessorImpl.invoke0(Native Method)
at sun.reflect.NativeMethodAccessorImpl.invoke(Unknown Source)
at sun.reflect.DelegatingMethodAccessorImpl.invoke(Unknown Source)
at java.lang.reflect.Method.invoke(Unknown Source)
at org.testng.internal.MethodInvocationHelper.invokeMethod(MethodInvocationHelper.java:124)
at org.testng.internal.Invoker.invokeMethod(Invoker.java:580)
at org.testng.internal.Invoker.invokeTestMethod(Invoker.java:716)
at org.testng.internal.Invoker.invokeTestMethods(Invoker.java:988)
at org.testng.internal.TestMethodWorker.invokeTestMethods(TestMethodWorker.java:125)
at org.testng.internal.TestMethodWorker.run(TestMethodWorker.java:109)
at org.testng.TestRunner.privateRun(TestRunner.java:648)
at org.testng.TestRunner.run(TestRunner.java:505)
at org.testng.SuiteRunner.runTest(SuiteRunner.java:455)
at org.testng.SuiteRunner.runSequentially(SuiteRunner.java:450)
at org.testng.SuiteRunner.privateRun(SuiteRunner.java:415)
at org.testng.SuiteRunner.run(SuiteRunner.java:364)
at org.testng.SuiteRunnerWorker.runSuite(SuiteRunnerWorker.java:52)
at org.testng.SuiteRunnerWorker.run(SuiteRunnerWorker.java:84)
at org.testng.TestNG.runSuitesSequentially(TestNG.java:1208)
at org.testng.TestNG.runSuitesLocally(TestNG.java:1137)
at org.testng.TestNG.runSuites(TestNG.java:1049)
at org.testng.TestNG.run(TestNG.java:1017)
at org.testng.remote.AbstractRemoteTestNG.run(AbstractRemoteTestNG.java:114)
at org.testng.remote.RemoteTestNG.initAndRun(RemoteTestNG.java:251)
at org.testng.remote.RemoteTestNG.main(RemoteTestNG.java:77)
]]>
            </full-stacktrace>
          </exception> <!-- java.lang.AssertionError -->
          <reporter-output>
          </reporter-output>
        </test-method> <!-- testCheckLinks -->
        <test-method status="PASS" signature="testCheckLinks(java.lang.String, java.lang.String)[pri:0, instance:links.httpURLConnection@204f30ec]" name="testCheckLinks" duration-ms="273" started-at="2020-02-08T23:52:13Z" data-provider="dp" finished-at="2020-02-08T23:52:13Z">
          <params>
            <param index="0">
              <value>
                <![CDATA[]]>
              </value>
            </param>
            <param index="1">
              <value>
                <![CDATA[https://www.objectivewellness.com/journal/posts/3-surprising-ways-to-fall-asleep]]>
              </value>
            </param>
          </params>
          <reporter-output>
          </reporter-output>
        </test-method> <!-- testCheckLinks -->
        <test-method status="PASS" signature="testCheckLinks(java.lang.String, java.lang.String)[pri:0, instance:links.httpURLConnection@204f30ec]" name="testCheckLinks" duration-ms="55" started-at="2020-02-08T23:52:13Z" data-provider="dp" finished-at="2020-02-08T23:52:13Z">
          <params>
            <param index="0">
              <value>
                <![CDATA[HEALTH AND WELLNESS]]>
              </value>
            </param>
            <param index="1">
              <value>
                <![CDATA[https://www.objectivewellness.com/journal/category/health-and-wellness]]>
              </value>
            </param>
          </params>
          <reporter-output>
          </reporter-output>
        </test-method> <!-- testCheckLinks -->
        <test-method status="PASS" signature="testCheckLinks(java.lang.String, java.lang.String)[pri:0, instance:links.httpURLConnection@204f30ec]" name="testCheckLinks" duration-ms="57" started-at="2020-02-08T23:52:13Z" data-provider="dp" finished-at="2020-02-08T23:52:13Z">
          <params>
            <param index="0">
              <value>
                <![CDATA[3 Surprising Ways to Fall Asleep]]>
              </value>
            </param>
            <param index="1">
              <value>
                <![CDATA[https://www.objectivewellness.com/journal/posts/3-surprising-ways-to-fall-asleep]]>
              </value>
            </param>
          </params>
          <reporter-output>
          </reporter-output>
        </test-method> <!-- testCheckLinks -->
        <test-method status="PASS" signature="testCheckLinks(java.lang.String, java.lang.String)[pri:0, instance:links.httpURLConnection@204f30ec]" name="testCheckLinks" duration-ms="65" started-at="2020-02-08T23:52:13Z" data-provider="dp" finished-at="2020-02-08T23:52:13Z">
          <params>
            <param index="0">
              <value>
                <![CDATA[READ MORE]]>
              </value>
            </param>
            <param index="1">
              <value>
                <![CDATA[https://www.objectivewellness.com/journal/posts/3-surprising-ways-to-fall-asleep]]>
              </value>
            </param>
          </params>
          <reporter-output>
          </reporter-output>
        </test-method> <!-- testCheckLinks -->
        <test-method status="PASS" signature="testCheckLinks(java.lang.String, java.lang.String)[pri:0, instance:links.httpURLConnection@204f30ec]" name="testCheckLinks" duration-ms="48" started-at="2020-02-08T23:52:13Z" data-provider="dp" finished-at="2020-02-08T23:52:13Z">
          <params>
            <param index="0">
              <value>
                <![CDATA[]]>
              </value>
            </param>
            <param index="1">
              <value>
                <![CDATA[https://www.objectivewellness.com/journal/posts/is-the-worlds-most-expensive-spice-worth-it-for-a-good-nights-sleep]]>
              </value>
            </param>
          </params>
          <reporter-output>
          </reporter-output>
        </test-method> <!-- testCheckLinks -->
        <test-method status="PASS" signature="testCheckLinks(java.lang.String, java.lang.String)[pri:0, instance:links.httpURLConnection@204f30ec]" name="testCheckLinks" duration-ms="64" started-at="2020-02-08T23:52:13Z" data-provider="dp" finished-at="2020-02-08T23:52:13Z">
          <params>
            <param index="0">
              <value>
                <![CDATA[HEALTH AND WELLNESS]]>
              </value>
            </param>
            <param index="1">
              <value>
                <![CDATA[https://www.objectivewellness.com/journal/category/health-and-wellness]]>
              </value>
            </param>
          </params>
          <reporter-output>
          </reporter-output>
        </test-method> <!-- testCheckLinks -->
        <test-method status="PASS" signature="testCheckLinks(java.lang.String, java.lang.String)[pri:0, instance:links.httpURLConnection@204f30ec]" name="testCheckLinks" duration-ms="330" started-at="2020-02-08T23:52:13Z" data-provider="dp" finished-at="2020-02-08T23:52:14Z">
          <params>
            <param index="0">
              <value>
                <![CDATA[Is the World’s Most Expensive Spice Worth It for a Good Night’s Sleep? ]]>
              </value>
            </param>
            <param index="1">
              <value>
                <![CDATA[https://www.objectivewellness.com/journal/posts/is-the-worlds-most-expensive-spice-worth-it-for-a-good-nights-sleep]]>
              </value>
            </param>
          </params>
          <reporter-output>
          </reporter-output>
        </test-method> <!-- testCheckLinks -->
        <test-method status="PASS" signature="testCheckLinks(java.lang.String, java.lang.String)[pri:0, instance:links.httpURLConnection@204f30ec]" name="testCheckLinks" duration-ms="69" started-at="2020-02-08T23:52:14Z" data-provider="dp" finished-at="2020-02-08T23:52:14Z">
          <params>
            <param index="0">
              <value>
                <![CDATA[READ MORE]]>
              </value>
            </param>
            <param index="1">
              <value>
                <![CDATA[https://www.objectivewellness.com/journal/posts/is-the-worlds-most-expensive-spice-worth-it-for-a-good-nights-sleep]]>
              </value>
            </param>
          </params>
          <reporter-output>
          </reporter-output>
        </test-method> <!-- testCheckLinks -->
        <test-method status="PASS" signature="testCheckLinks(java.lang.String, java.lang.String)[pri:0, instance:links.httpURLConnection@204f30ec]" name="testCheckLinks" duration-ms="88" started-at="2020-02-08T23:52:14Z" data-provider="dp" finished-at="2020-02-08T23:52:14Z">
          <params>
            <param index="0">
              <value>
                <![CDATA[]]>
              </value>
            </param>
            <param index="1">
              <value>
                <![CDATA[https://www.objectivewellness.com/journal/posts/dangers-of-blue-light-and-screen-time]]>
              </value>
            </param>
          </params>
          <reporter-output>
          </reporter-output>
        </test-method> <!-- testCheckLinks -->
        <test-method status="PASS" signature="testCheckLinks(java.lang.String, java.lang.String)[pri:0, instance:links.httpURLConnection@204f30ec]" name="testCheckLinks" duration-ms="73" started-at="2020-02-08T23:52:14Z" data-provider="dp" finished-at="2020-02-08T23:52:14Z">
          <params>
            <param index="0">
              <value>
                <![CDATA[HEALTH AND WELLNESS]]>
              </value>
            </param>
            <param index="1">
              <value>
                <![CDATA[https://www.objectivewellness.com/journal/category/health-and-wellness]]>
              </value>
            </param>
          </params>
          <reporter-output>
          </reporter-output>
        </test-method> <!-- testCheckLinks -->
        <test-method status="PASS" signature="testCheckLinks(java.lang.String, java.lang.String)[pri:0, instance:links.httpURLConnection@204f30ec]" name="testCheckLinks" duration-ms="56" started-at="2020-02-08T23:52:14Z" data-provider="dp" finished-at="2020-02-08T23:52:14Z">
          <params>
            <param index="0">
              <value>
                <![CDATA[Dangers of Blue Light and Screen Time ]]>
              </value>
            </param>
            <param index="1">
              <value>
                <![CDATA[https://www.objectivewellness.com/journal/posts/dangers-of-blue-light-and-screen-time]]>
              </value>
            </param>
          </params>
          <reporter-output>
          </reporter-output>
        </test-method> <!-- testCheckLinks -->
        <test-method status="PASS" signature="testCheckLinks(java.lang.String, java.lang.String)[pri:0, instance:links.httpURLConnection@204f30ec]" name="testCheckLinks" duration-ms="50" started-at="2020-02-08T23:52:14Z" data-provider="dp" finished-at="2020-02-08T23:52:14Z">
          <params>
            <param index="0">
              <value>
                <![CDATA[READ MORE]]>
              </value>
            </param>
            <param index="1">
              <value>
                <![CDATA[https://www.objectivewellness.com/journal/posts/dangers-of-blue-light-and-screen-time]]>
              </value>
            </param>
          </params>
          <reporter-output>
          </reporter-output>
        </test-method> <!-- testCheckLinks -->
        <test-method status="PASS" signature="testCheckLinks(java.lang.String, java.lang.String)[pri:0, instance:links.httpURLConnection@204f30ec]" name="testCheckLinks" duration-ms="272" started-at="2020-02-08T23:52:14Z" data-provider="dp" finished-at="2020-02-08T23:52:14Z">
          <params>
            <param index="0">
              <value>
                <![CDATA[]]>
              </value>
            </param>
            <param index="1">
              <value>
                <![CDATA[https://www.objectivewellness.com/journal/posts/the-health-secret-of-samurai-warriors]]>
              </value>
            </param>
          </params>
          <reporter-output>
          </reporter-output>
        </test-method> <!-- testCheckLinks -->
        <test-method status="PASS" signature="testCheckLinks(java.lang.String, java.lang.String)[pri:0, instance:links.httpURLConnection@204f30ec]" name="testCheckLinks" duration-ms="265" started-at="2020-02-08T23:52:14Z" data-provider="dp" finished-at="2020-02-08T23:52:15Z">
          <params>
            <param index="0">
              <value>
                <![CDATA[HEALTH AND WELLNESS]]>
              </value>
            </param>
            <param index="1">
              <value>
                <![CDATA[https://www.objectivewellness.com/journal/category/health-and-wellness]]>
              </value>
            </param>
          </params>
          <reporter-output>
          </reporter-output>
        </test-method> <!-- testCheckLinks -->
        <test-method status="PASS" signature="testCheckLinks(java.lang.String, java.lang.String)[pri:0, instance:links.httpURLConnection@204f30ec]" name="testCheckLinks" duration-ms="98" started-at="2020-02-08T23:52:15Z" data-provider="dp" finished-at="2020-02-08T23:52:15Z">
          <params>
            <param index="0">
              <value>
                <![CDATA[The Health Secret of Samurai Warriors]]>
              </value>
            </param>
            <param index="1">
              <value>
                <![CDATA[https://www.objectivewellness.com/journal/posts/the-health-secret-of-samurai-warriors]]>
              </value>
            </param>
          </params>
          <reporter-output>
          </reporter-output>
        </test-method> <!-- testCheckLinks -->
        <test-method status="PASS" signature="testCheckLinks(java.lang.String, java.lang.String)[pri:0, instance:links.httpURLConnection@204f30ec]" name="testCheckLinks" duration-ms="51" started-at="2020-02-08T23:52:15Z" data-provider="dp" finished-at="2020-02-08T23:52:15Z">
          <params>
            <param index="0">
              <value>
                <![CDATA[READ MORE]]>
              </value>
            </param>
            <param index="1">
              <value>
                <![CDATA[https://www.objectivewellness.com/journal/posts/the-health-secret-of-samurai-warriors]]>
              </value>
            </param>
          </params>
          <reporter-output>
          </reporter-output>
        </test-method> <!-- testCheckLinks -->
        <test-method status="PASS" signature="testCheckLinks(java.lang.String, java.lang.String)[pri:0, instance:links.httpURLConnection@204f30ec]" name="testCheckLinks" duration-ms="56" started-at="2020-02-08T23:52:15Z" data-provider="dp" finished-at="2020-02-08T23:52:15Z">
          <params>
            <param index="0">
              <value>
                <![CDATA[]]>
              </value>
            </param>
            <param index="1">
              <value>
                <![CDATA[https://www.objectivewellness.com/journal/posts/the-epic-antioxidant-power-of-astaxanthin]]>
              </value>
            </param>
          </params>
          <reporter-output>
          </reporter-output>
        </test-method> <!-- testCheckLinks -->
        <test-method status="PASS" signature="testCheckLinks(java.lang.String, java.lang.String)[pri:0, instance:links.httpURLConnection@204f30ec]" name="testCheckLinks" duration-ms="88" started-at="2020-02-08T23:52:15Z" data-provider="dp" finished-at="2020-02-08T23:52:15Z">
          <params>
            <param index="0">
              <value>
                <![CDATA[HEALTH AND WELLNESS]]>
              </value>
            </param>
            <param index="1">
              <value>
                <![CDATA[https://www.objectivewellness.com/journal/category/health-and-wellness]]>
              </value>
            </param>
          </params>
          <reporter-output>
          </reporter-output>
        </test-method> <!-- testCheckLinks -->
        <test-method status="PASS" signature="testCheckLinks(java.lang.String, java.lang.String)[pri:0, instance:links.httpURLConnection@204f30ec]" name="testCheckLinks" duration-ms="99" started-at="2020-02-08T23:52:15Z" data-provider="dp" finished-at="2020-02-08T23:52:15Z">
          <params>
            <param index="0">
              <value>
                <![CDATA[The Epic Antioxidant Power of Astaxanthin]]>
              </value>
            </param>
            <param index="1">
              <value>
                <![CDATA[https://www.objectivewellness.com/journal/posts/the-epic-antioxidant-power-of-astaxanthin]]>
              </value>
            </param>
          </params>
          <reporter-output>
          </reporter-output>
        </test-method> <!-- testCheckLinks -->
        <test-method status="PASS" signature="testCheckLinks(java.lang.String, java.lang.String)[pri:0, instance:links.httpURLConnection@204f30ec]" name="testCheckLinks" duration-ms="53" started-at="2020-02-08T23:52:15Z" data-provider="dp" finished-at="2020-02-08T23:52:15Z">
          <params>
            <param index="0">
              <value>
                <![CDATA[READ MORE]]>
              </value>
            </param>
            <param index="1">
              <value>
                <![CDATA[https://www.objectivewellness.com/journal/posts/the-epic-antioxidant-power-of-astaxanthin]]>
              </value>
            </param>
          </params>
          <reporter-output>
          </reporter-output>
        </test-method> <!-- testCheckLinks -->
        <test-method status="PASS" signature="testCheckLinks(java.lang.String, java.lang.String)[pri:0, instance:links.httpURLConnection@204f30ec]" name="testCheckLinks" duration-ms="51" started-at="2020-02-08T23:52:15Z" data-provider="dp" finished-at="2020-02-08T23:52:15Z">
          <params>
            <param index="0">
              <value>
                <![CDATA[]]>
              </value>
            </param>
            <param index="1">
              <value>
                <![CDATA[https://www.objectivewellness.com/journal/posts/4-reasons-behind-moms-ginger-ale-go-to-for-a-stomachache-that-she-likely]]>
              </value>
            </param>
          </params>
          <reporter-output>
          </reporter-output>
        </test-method> <!-- testCheckLinks -->
        <test-method status="PASS" signature="testCheckLinks(java.lang.String, java.lang.String)[pri:0, instance:links.httpURLConnection@204f30ec]" name="testCheckLinks" duration-ms="71" started-at="2020-02-08T23:52:15Z" data-provider="dp" finished-at="2020-02-08T23:52:15Z">
          <params>
            <param index="0">
              <value>
                <![CDATA[HEALTH AND WELLNESS]]>
              </value>
            </param>
            <param index="1">
              <value>
                <![CDATA[https://www.objectivewellness.com/journal/category/health-and-wellness]]>
              </value>
            </param>
          </params>
          <reporter-output>
          </reporter-output>
        </test-method> <!-- testCheckLinks -->
        <test-method status="PASS" signature="testCheckLinks(java.lang.String, java.lang.String)[pri:0, instance:links.httpURLConnection@204f30ec]" name="testCheckLinks" duration-ms="53" started-at="2020-02-08T23:52:15Z" data-provider="dp" finished-at="2020-02-08T23:52:15Z">
          <params>
            <param index="0">
              <value>
                <![CDATA[4 Reasons Behind Mom’s Ginger Ale Go-To for a Stomachache (That She Likely Never Knew)  ]]>
              </value>
            </param>
            <param index="1">
              <value>
                <![CDATA[https://www.objectivewellness.com/journal/posts/4-reasons-behind-moms-ginger-ale-go-to-for-a-stomachache-that-she-likely]]>
              </value>
            </param>
          </params>
          <reporter-output>
          </reporter-output>
        </test-method> <!-- testCheckLinks -->
        <test-method status="PASS" signature="testCheckLinks(java.lang.String, java.lang.String)[pri:0, instance:links.httpURLConnection@204f30ec]" name="testCheckLinks" duration-ms="60" started-at="2020-02-08T23:52:15Z" data-provider="dp" finished-at="2020-02-08T23:52:15Z">
          <params>
            <param index="0">
              <value>
                <![CDATA[READ MORE]]>
              </value>
            </param>
            <param index="1">
              <value>
                <![CDATA[https://www.objectivewellness.com/journal/posts/4-reasons-behind-moms-ginger-ale-go-to-for-a-stomachache-that-she-likely]]>
              </value>
            </param>
          </params>
          <reporter-output>
          </reporter-output>
        </test-method> <!-- testCheckLinks -->
        <test-method status="PASS" signature="testCheckLinks(java.lang.String, java.lang.String)[pri:0, instance:links.httpURLConnection@204f30ec]" name="testCheckLinks" duration-ms="55" started-at="2020-02-08T23:52:15Z" data-provider="dp" finished-at="2020-02-08T23:52:15Z">
          <params>
            <param index="0">
              <value>
                <![CDATA[]]>
              </value>
            </param>
            <param index="1">
              <value>
                <![CDATA[https://www.objectivewellness.com/journal/posts/not-your-average-blueberry-and-how-your-chardonnay-could-make-you-smarter]]>
              </value>
            </param>
          </params>
          <reporter-output>
          </reporter-output>
        </test-method> <!-- testCheckLinks -->
        <test-method status="PASS" signature="testCheckLinks(java.lang.String, java.lang.String)[pri:0, instance:links.httpURLConnection@204f30ec]" name="testCheckLinks" duration-ms="50" started-at="2020-02-08T23:52:15Z" data-provider="dp" finished-at="2020-02-08T23:52:15Z">
          <params>
            <param index="0">
              <value>
                <![CDATA[HEALTH AND WELLNESS]]>
              </value>
            </param>
            <param index="1">
              <value>
                <![CDATA[https://www.objectivewellness.com/journal/category/health-and-wellness]]>
              </value>
            </param>
          </params>
          <reporter-output>
          </reporter-output>
        </test-method> <!-- testCheckLinks -->
        <test-method status="PASS" signature="testCheckLinks(java.lang.String, java.lang.String)[pri:0, instance:links.httpURLConnection@204f30ec]" name="testCheckLinks" duration-ms="47" started-at="2020-02-08T23:52:15Z" data-provider="dp" finished-at="2020-02-08T23:52:15Z">
          <params>
            <param index="0">
              <value>
                <![CDATA[Not Your Average Blueberry...and How Your Chardonnay Could Make You Smarter]]>
              </value>
            </param>
            <param index="1">
              <value>
                <![CDATA[https://www.objectivewellness.com/journal/posts/not-your-average-blueberry-and-how-your-chardonnay-could-make-you-smarter]]>
              </value>
            </param>
          </params>
          <reporter-output>
          </reporter-output>
        </test-method> <!-- testCheckLinks -->
        <test-method status="PASS" signature="testCheckLinks(java.lang.String, java.lang.String)[pri:0, instance:links.httpURLConnection@204f30ec]" name="testCheckLinks" duration-ms="54" started-at="2020-02-08T23:52:15Z" data-provider="dp" finished-at="2020-02-08T23:52:15Z">
          <params>
            <param index="0">
              <value>
                <![CDATA[READ MORE]]>
              </value>
            </param>
            <param index="1">
              <value>
                <![CDATA[https://www.objectivewellness.com/journal/posts/not-your-average-blueberry-and-how-your-chardonnay-could-make-you-smarter]]>
              </value>
            </param>
          </params>
          <reporter-output>
          </reporter-output>
        </test-method> <!-- testCheckLinks -->
        <test-method status="PASS" signature="testCheckLinks(java.lang.String, java.lang.String)[pri:0, instance:links.httpURLConnection@204f30ec]" name="testCheckLinks" duration-ms="47" started-at="2020-02-08T23:52:15Z" data-provider="dp" finished-at="2020-02-08T23:52:16Z">
          <params>
            <param index="0">
              <value>
                <![CDATA[]]>
              </value>
            </param>
            <param index="1">
              <value>
                <![CDATA[https://www.objectivewellness.com/journal/posts/5-things-you-need-to-know-before-trying-collagen-for-your-skin]]>
              </value>
            </param>
          </params>
          <reporter-output>
          </reporter-output>
        </test-method> <!-- testCheckLinks -->
        <test-method status="PASS" signature="testCheckLinks(java.lang.String, java.lang.String)[pri:0, instance:links.httpURLConnection@204f30ec]" name="testCheckLinks" duration-ms="54" started-at="2020-02-08T23:52:16Z" data-provider="dp" finished-at="2020-02-08T23:52:16Z">
          <params>
            <param index="0">
              <value>
                <![CDATA[HEALTH AND WELLNESS]]>
              </value>
            </param>
            <param index="1">
              <value>
                <![CDATA[https://www.objectivewellness.com/journal/category/health-and-wellness]]>
              </value>
            </param>
          </params>
          <reporter-output>
          </reporter-output>
        </test-method> <!-- testCheckLinks -->
        <test-method status="PASS" signature="testCheckLinks(java.lang.String, java.lang.String)[pri:0, instance:links.httpURLConnection@204f30ec]" name="testCheckLinks" duration-ms="355" started-at="2020-02-08T23:52:16Z" data-provider="dp" finished-at="2020-02-08T23:52:16Z">
          <params>
            <param index="0">
              <value>
                <![CDATA[5 Things You Need to Know Before Trying Collagen for Your Skin]]>
              </value>
            </param>
            <param index="1">
              <value>
                <![CDATA[https://www.objectivewellness.com/journal/posts/5-things-you-need-to-know-before-trying-collagen-for-your-skin]]>
              </value>
            </param>
          </params>
          <reporter-output>
          </reporter-output>
        </test-method> <!-- testCheckLinks -->
        <test-method status="PASS" signature="testCheckLinks(java.lang.String, java.lang.String)[pri:0, instance:links.httpURLConnection@204f30ec]" name="testCheckLinks" duration-ms="51" started-at="2020-02-08T23:52:16Z" data-provider="dp" finished-at="2020-02-08T23:52:16Z">
          <params>
            <param index="0">
              <value>
                <![CDATA[READ MORE]]>
              </value>
            </param>
            <param index="1">
              <value>
                <![CDATA[https://www.objectivewellness.com/journal/posts/5-things-you-need-to-know-before-trying-collagen-for-your-skin]]>
              </value>
            </param>
          </params>
          <reporter-output>
          </reporter-output>
        </test-method> <!-- testCheckLinks -->
        <test-method status="PASS" signature="testCheckLinks(java.lang.String, java.lang.String)[pri:0, instance:links.httpURLConnection@204f30ec]" name="testCheckLinks" duration-ms="57" started-at="2020-02-08T23:52:16Z" data-provider="dp" finished-at="2020-02-08T23:52:16Z">
          <params>
            <param index="0">
              <value>
                <![CDATA[]]>
              </value>
            </param>
            <param index="1">
              <value>
                <![CDATA[https://www.objectivewellness.com/journal/posts/the-bee-glue-secret-to-stronger-immune-health]]>
              </value>
            </param>
          </params>
          <reporter-output>
          </reporter-output>
        </test-method> <!-- testCheckLinks -->
        <test-method status="PASS" signature="testCheckLinks(java.lang.String, java.lang.String)[pri:0, instance:links.httpURLConnection@204f30ec]" name="testCheckLinks" duration-ms="45" started-at="2020-02-08T23:52:16Z" data-provider="dp" finished-at="2020-02-08T23:52:16Z">
          <params>
            <param index="0">
              <value>
                <![CDATA[HEALTH AND WELLNESS]]>
              </value>
            </param>
            <param index="1">
              <value>
                <![CDATA[https://www.objectivewellness.com/journal/category/health-and-wellness]]>
              </value>
            </param>
          </params>
          <reporter-output>
          </reporter-output>
        </test-method> <!-- testCheckLinks -->
        <test-method status="PASS" signature="testCheckLinks(java.lang.String, java.lang.String)[pri:0, instance:links.httpURLConnection@204f30ec]" name="testCheckLinks" duration-ms="294" started-at="2020-02-08T23:52:16Z" data-provider="dp" finished-at="2020-02-08T23:52:16Z">
          <params>
            <param index="0">
              <value>
                <![CDATA[The “Bee Glue” Secret to Stronger Immune Health]]>
              </value>
            </param>
            <param index="1">
              <value>
                <![CDATA[https://www.objectivewellness.com/journal/posts/the-bee-glue-secret-to-stronger-immune-health]]>
              </value>
            </param>
          </params>
          <reporter-output>
          </reporter-output>
        </test-method> <!-- testCheckLinks -->
        <test-method status="PASS" signature="testCheckLinks(java.lang.String, java.lang.String)[pri:0, instance:links.httpURLConnection@204f30ec]" name="testCheckLinks" duration-ms="72" started-at="2020-02-08T23:52:16Z" data-provider="dp" finished-at="2020-02-08T23:52:16Z">
          <params>
            <param index="0">
              <value>
                <![CDATA[READ MORE]]>
              </value>
            </param>
            <param index="1">
              <value>
                <![CDATA[https://www.objectivewellness.com/journal/posts/the-bee-glue-secret-to-stronger-immune-health]]>
              </value>
            </param>
          </params>
          <reporter-output>
          </reporter-output>
        </test-method> <!-- testCheckLinks -->
        <test-method status="PASS" signature="testCheckLinks(java.lang.String, java.lang.String)[pri:0, instance:links.httpURLConnection@204f30ec]" name="testCheckLinks" duration-ms="72" started-at="2020-02-08T23:52:16Z" data-provider="dp" finished-at="2020-02-08T23:52:17Z">
          <params>
            <param index="0">
              <value>
                <![CDATA[]]>
              </value>
            </param>
            <param index="1">
              <value>
                <![CDATA[https://www.objectivewellness.com/journal/posts/hiit-hype-or-helpful-weight-loss-and-other-weight-loss-trends-actually]]>
              </value>
            </param>
          </params>
          <reporter-output>
          </reporter-output>
        </test-method> <!-- testCheckLinks -->
        <test-method status="PASS" signature="testCheckLinks(java.lang.String, java.lang.String)[pri:0, instance:links.httpURLConnection@204f30ec]" name="testCheckLinks" duration-ms="276" started-at="2020-02-08T23:52:17Z" data-provider="dp" finished-at="2020-02-08T23:52:17Z">
          <params>
            <param index="0">
              <value>
                <![CDATA[HEALTH AND WELLNESS]]>
              </value>
            </param>
            <param index="1">
              <value>
                <![CDATA[https://www.objectivewellness.com/journal/category/health-and-wellness]]>
              </value>
            </param>
          </params>
          <reporter-output>
          </reporter-output>
        </test-method> <!-- testCheckLinks -->
        <test-method status="PASS" signature="testCheckLinks(java.lang.String, java.lang.String)[pri:0, instance:links.httpURLConnection@204f30ec]" name="testCheckLinks" duration-ms="59" started-at="2020-02-08T23:52:17Z" data-provider="dp" finished-at="2020-02-08T23:52:17Z">
          <params>
            <param index="0">
              <value>
                <![CDATA[HIIT: Hype or Helpful Weight Loss? And Other Trends Actually Worth a Shot]]>
              </value>
            </param>
            <param index="1">
              <value>
                <![CDATA[https://www.objectivewellness.com/journal/posts/hiit-hype-or-helpful-weight-loss-and-other-weight-loss-trends-actually]]>
              </value>
            </param>
          </params>
          <reporter-output>
          </reporter-output>
        </test-method> <!-- testCheckLinks -->
        <test-method status="PASS" signature="testCheckLinks(java.lang.String, java.lang.String)[pri:0, instance:links.httpURLConnection@204f30ec]" name="testCheckLinks" duration-ms="49" started-at="2020-02-08T23:52:17Z" data-provider="dp" finished-at="2020-02-08T23:52:17Z">
          <params>
            <param index="0">
              <value>
                <![CDATA[READ MORE]]>
              </value>
            </param>
            <param index="1">
              <value>
                <![CDATA[https://www.objectivewellness.com/journal/posts/hiit-hype-or-helpful-weight-loss-and-other-weight-loss-trends-actually]]>
              </value>
            </param>
          </params>
          <reporter-output>
          </reporter-output>
        </test-method> <!-- testCheckLinks -->
        <test-method status="PASS" signature="testCheckLinks(java.lang.String, java.lang.String)[pri:0, instance:links.httpURLConnection@204f30ec]" name="testCheckLinks" duration-ms="49" started-at="2020-02-08T23:52:17Z" data-provider="dp" finished-at="2020-02-08T23:52:17Z">
          <params>
            <param index="0">
              <value>
                <![CDATA[]]>
              </value>
            </param>
            <param index="1">
              <value>
                <![CDATA[https://www.objectivewellness.com/journal/posts/the-smoothie-that-smooths-your-skin]]>
              </value>
            </param>
          </params>
          <reporter-output>
          </reporter-output>
        </test-method> <!-- testCheckLinks -->
        <test-method status="PASS" signature="testCheckLinks(java.lang.String, java.lang.String)[pri:0, instance:links.httpURLConnection@204f30ec]" name="testCheckLinks" duration-ms="46" started-at="2020-02-08T23:52:17Z" data-provider="dp" finished-at="2020-02-08T23:52:17Z">
          <params>
            <param index="0">
              <value>
                <![CDATA[HEALTH AND WELLNESS]]>
              </value>
            </param>
            <param index="1">
              <value>
                <![CDATA[https://www.objectivewellness.com/journal/category/health-and-wellness]]>
              </value>
            </param>
          </params>
          <reporter-output>
          </reporter-output>
        </test-method> <!-- testCheckLinks -->
        <test-method status="PASS" signature="testCheckLinks(java.lang.String, java.lang.String)[pri:0, instance:links.httpURLConnection@204f30ec]" name="testCheckLinks" duration-ms="46" started-at="2020-02-08T23:52:17Z" data-provider="dp" finished-at="2020-02-08T23:52:17Z">
          <params>
            <param index="0">
              <value>
                <![CDATA[The Smoothie That Smooths Your Skin]]>
              </value>
            </param>
            <param index="1">
              <value>
                <![CDATA[https://www.objectivewellness.com/journal/posts/the-smoothie-that-smooths-your-skin]]>
              </value>
            </param>
          </params>
          <reporter-output>
          </reporter-output>
        </test-method> <!-- testCheckLinks -->
        <test-method status="PASS" signature="testCheckLinks(java.lang.String, java.lang.String)[pri:0, instance:links.httpURLConnection@204f30ec]" name="testCheckLinks" duration-ms="46" started-at="2020-02-08T23:52:17Z" data-provider="dp" finished-at="2020-02-08T23:52:17Z">
          <params>
            <param index="0">
              <value>
                <![CDATA[READ MORE]]>
              </value>
            </param>
            <param index="1">
              <value>
                <![CDATA[https://www.objectivewellness.com/journal/posts/the-smoothie-that-smooths-your-skin]]>
              </value>
            </param>
          </params>
          <reporter-output>
          </reporter-output>
        </test-method> <!-- testCheckLinks -->
        <test-method status="PASS" signature="testCheckLinks(java.lang.String, java.lang.String)[pri:0, instance:links.httpURLConnection@204f30ec]" name="testCheckLinks" duration-ms="45" started-at="2020-02-08T23:52:17Z" data-provider="dp" finished-at="2020-02-08T23:52:17Z">
          <params>
            <param index="0">
              <value>
                <![CDATA[]]>
              </value>
            </param>
            <param index="1">
              <value>
                <![CDATA[https://www.objectivewellness.com/journal/posts/5-minute-fix-for-better-focus]]>
              </value>
            </param>
          </params>
          <reporter-output>
          </reporter-output>
        </test-method> <!-- testCheckLinks -->
        <test-method status="PASS" signature="testCheckLinks(java.lang.String, java.lang.String)[pri:0, instance:links.httpURLConnection@204f30ec]" name="testCheckLinks" duration-ms="1053" started-at="2020-02-08T23:52:17Z" data-provider="dp" finished-at="2020-02-08T23:52:18Z">
          <params>
            <param index="0">
              <value>
                <![CDATA[HEALTH AND WELLNESS]]>
              </value>
            </param>
            <param index="1">
              <value>
                <![CDATA[https://www.objectivewellness.com/journal/category/health-and-wellness]]>
              </value>
            </param>
          </params>
          <reporter-output>
          </reporter-output>
        </test-method> <!-- testCheckLinks -->
        <test-method status="PASS" signature="testCheckLinks(java.lang.String, java.lang.String)[pri:0, instance:links.httpURLConnection@204f30ec]" name="testCheckLinks" duration-ms="57" started-at="2020-02-08T23:52:18Z" data-provider="dp" finished-at="2020-02-08T23:52:18Z">
          <params>
            <param index="0">
              <value>
                <![CDATA[5-Minute Fix for Better Focus]]>
              </value>
            </param>
            <param index="1">
              <value>
                <![CDATA[https://www.objectivewellness.com/journal/posts/5-minute-fix-for-better-focus]]>
              </value>
            </param>
          </params>
          <reporter-output>
          </reporter-output>
        </test-method> <!-- testCheckLinks -->
        <test-method status="PASS" signature="testCheckLinks(java.lang.String, java.lang.String)[pri:0, instance:links.httpURLConnection@204f30ec]" name="testCheckLinks" duration-ms="67" started-at="2020-02-08T23:52:18Z" data-provider="dp" finished-at="2020-02-08T23:52:18Z">
          <params>
            <param index="0">
              <value>
                <![CDATA[READ MORE]]>
              </value>
            </param>
            <param index="1">
              <value>
                <![CDATA[https://www.objectivewellness.com/journal/posts/5-minute-fix-for-better-focus]]>
              </value>
            </param>
          </params>
          <reporter-output>
          </reporter-output>
        </test-method> <!-- testCheckLinks -->
        <test-method status="PASS" signature="testCheckLinks(java.lang.String, java.lang.String)[pri:0, instance:links.httpURLConnection@204f30ec]" name="testCheckLinks" duration-ms="52" started-at="2020-02-08T23:52:18Z" data-provider="dp" finished-at="2020-02-08T23:52:18Z">
          <params>
            <param index="0">
              <value>
                <![CDATA[]]>
              </value>
            </param>
            <param index="1">
              <value>
                <![CDATA[https://www.objectivewellness.com/journal/posts/behind-the-buzz-antioxidants-the-superheroes-of-your-cells]]>
              </value>
            </param>
          </params>
          <reporter-output>
          </reporter-output>
        </test-method> <!-- testCheckLinks -->
        <test-method status="PASS" signature="testCheckLinks(java.lang.String, java.lang.String)[pri:0, instance:links.httpURLConnection@204f30ec]" name="testCheckLinks" duration-ms="48" started-at="2020-02-08T23:52:18Z" data-provider="dp" finished-at="2020-02-08T23:52:18Z">
          <params>
            <param index="0">
              <value>
                <![CDATA[HEALTH AND WELLNESS]]>
              </value>
            </param>
            <param index="1">
              <value>
                <![CDATA[https://www.objectivewellness.com/journal/category/health-and-wellness]]>
              </value>
            </param>
          </params>
          <reporter-output>
          </reporter-output>
        </test-method> <!-- testCheckLinks -->
        <test-method status="PASS" signature="testCheckLinks(java.lang.String, java.lang.String)[pri:0, instance:links.httpURLConnection@204f30ec]" name="testCheckLinks" duration-ms="53" started-at="2020-02-08T23:52:18Z" data-provider="dp" finished-at="2020-02-08T23:52:18Z">
          <params>
            <param index="0">
              <value>
                <![CDATA[Behind the Buzz: Antioxidants, the Superheroes of Your Cells]]>
              </value>
            </param>
            <param index="1">
              <value>
                <![CDATA[https://www.objectivewellness.com/journal/posts/behind-the-buzz-antioxidants-the-superheroes-of-your-cells]]>
              </value>
            </param>
          </params>
          <reporter-output>
          </reporter-output>
        </test-method> <!-- testCheckLinks -->
        <test-method status="PASS" signature="testCheckLinks(java.lang.String, java.lang.String)[pri:0, instance:links.httpURLConnection@204f30ec]" name="testCheckLinks" duration-ms="49" started-at="2020-02-08T23:52:18Z" data-provider="dp" finished-at="2020-02-08T23:52:19Z">
          <params>
            <param index="0">
              <value>
                <![CDATA[READ MORE]]>
              </value>
            </param>
            <param index="1">
              <value>
                <![CDATA[https://www.objectivewellness.com/journal/posts/behind-the-buzz-antioxidants-the-superheroes-of-your-cells]]>
              </value>
            </param>
          </params>
          <reporter-output>
          </reporter-output>
        </test-method> <!-- testCheckLinks -->
        <test-method status="PASS" signature="testCheckLinks(java.lang.String, java.lang.String)[pri:0, instance:links.httpURLConnection@204f30ec]" name="testCheckLinks" duration-ms="68" started-at="2020-02-08T23:52:19Z" data-provider="dp" finished-at="2020-02-08T23:52:19Z">
          <params>
            <param index="0">
              <value>
                <![CDATA[]]>
              </value>
            </param>
            <param index="1">
              <value>
                <![CDATA[https://www.objectivewellness.com/journal/posts/pros-and-cons-of-the-big-6-hormone-helping-herbs-for-hot-flashes-mood-and]]>
              </value>
            </param>
          </params>
          <reporter-output>
          </reporter-output>
        </test-method> <!-- testCheckLinks -->
        <test-method status="PASS" signature="testCheckLinks(java.lang.String, java.lang.String)[pri:0, instance:links.httpURLConnection@204f30ec]" name="testCheckLinks" duration-ms="297" started-at="2020-02-08T23:52:19Z" data-provider="dp" finished-at="2020-02-08T23:52:19Z">
          <params>
            <param index="0">
              <value>
                <![CDATA[HEALTH AND WELLNESS]]>
              </value>
            </param>
            <param index="1">
              <value>
                <![CDATA[https://www.objectivewellness.com/journal/category/health-and-wellness]]>
              </value>
            </param>
          </params>
          <reporter-output>
          </reporter-output>
        </test-method> <!-- testCheckLinks -->
        <test-method status="PASS" signature="testCheckLinks(java.lang.String, java.lang.String)[pri:0, instance:links.httpURLConnection@204f30ec]" name="testCheckLinks" duration-ms="66" started-at="2020-02-08T23:52:19Z" data-provider="dp" finished-at="2020-02-08T23:52:19Z">
          <params>
            <param index="0">
              <value>
                <![CDATA[Pros & Cons of the Big 6 Hormone-Helping Herbs for Hot Flashes, Mood and More]]>
              </value>
            </param>
            <param index="1">
              <value>
                <![CDATA[https://www.objectivewellness.com/journal/posts/pros-and-cons-of-the-big-6-hormone-helping-herbs-for-hot-flashes-mood-and]]>
              </value>
            </param>
          </params>
          <reporter-output>
          </reporter-output>
        </test-method> <!-- testCheckLinks -->
        <test-method status="PASS" signature="testCheckLinks(java.lang.String, java.lang.String)[pri:0, instance:links.httpURLConnection@204f30ec]" name="testCheckLinks" duration-ms="62" started-at="2020-02-08T23:52:19Z" data-provider="dp" finished-at="2020-02-08T23:52:19Z">
          <params>
            <param index="0">
              <value>
                <![CDATA[READ MORE]]>
              </value>
            </param>
            <param index="1">
              <value>
                <![CDATA[https://www.objectivewellness.com/journal/posts/pros-and-cons-of-the-big-6-hormone-helping-herbs-for-hot-flashes-mood-and]]>
              </value>
            </param>
          </params>
          <reporter-output>
          </reporter-output>
        </test-method> <!-- testCheckLinks -->
        <test-method status="PASS" signature="testCheckLinks(java.lang.String, java.lang.String)[pri:0, instance:links.httpURLConnection@204f30ec]" name="testCheckLinks" duration-ms="65" started-at="2020-02-08T23:52:19Z" data-provider="dp" finished-at="2020-02-08T23:52:19Z">
          <params>
            <param index="0">
              <value>
                <![CDATA[]]>
              </value>
            </param>
            <param index="1">
              <value>
                <![CDATA[https://www.objectivewellness.com/journal/posts/a-study-in-studies-what-science-backed-really-means]]>
              </value>
            </param>
          </params>
          <reporter-output>
          </reporter-output>
        </test-method> <!-- testCheckLinks -->
        <test-method status="PASS" signature="testCheckLinks(java.lang.String, java.lang.String)[pri:0, instance:links.httpURLConnection@204f30ec]" name="testCheckLinks" duration-ms="63" started-at="2020-02-08T23:52:19Z" data-provider="dp" finished-at="2020-02-08T23:52:19Z">
          <params>
            <param index="0">
              <value>
                <![CDATA[SCIENCE]]>
              </value>
            </param>
            <param index="1">
              <value>
                <![CDATA[https://www.objectivewellness.com/journal/category/science]]>
              </value>
            </param>
          </params>
          <reporter-output>
          </reporter-output>
        </test-method> <!-- testCheckLinks -->
        <test-method status="PASS" signature="testCheckLinks(java.lang.String, java.lang.String)[pri:0, instance:links.httpURLConnection@204f30ec]" name="testCheckLinks" duration-ms="71" started-at="2020-02-08T23:52:19Z" data-provider="dp" finished-at="2020-02-08T23:52:19Z">
          <params>
            <param index="0">
              <value>
                <![CDATA[A Study in Studies: What “Science-Backed” Really Means]]>
              </value>
            </param>
            <param index="1">
              <value>
                <![CDATA[https://www.objectivewellness.com/journal/posts/a-study-in-studies-what-science-backed-really-means]]>
              </value>
            </param>
          </params>
          <reporter-output>
          </reporter-output>
        </test-method> <!-- testCheckLinks -->
        <test-method status="PASS" signature="testCheckLinks(java.lang.String, java.lang.String)[pri:0, instance:links.httpURLConnection@204f30ec]" name="testCheckLinks" duration-ms="59" started-at="2020-02-08T23:52:19Z" data-provider="dp" finished-at="2020-02-08T23:52:19Z">
          <params>
            <param index="0">
              <value>
                <![CDATA[READ MORE]]>
              </value>
            </param>
            <param index="1">
              <value>
                <![CDATA[https://www.objectivewellness.com/journal/posts/a-study-in-studies-what-science-backed-really-means]]>
              </value>
            </param>
          </params>
          <reporter-output>
          </reporter-output>
        </test-method> <!-- testCheckLinks -->
        <test-method status="PASS" signature="testCheckLinks(java.lang.String, java.lang.String)[pri:0, instance:links.httpURLConnection@204f30ec]" name="testCheckLinks" duration-ms="62" started-at="2020-02-08T23:52:19Z" data-provider="dp" finished-at="2020-02-08T23:52:19Z">
          <params>
            <param index="0">
              <value>
                <![CDATA[ABOUT]]>
              </value>
            </param>
            <param index="1">
              <value>
                <![CDATA[https://www.objectivewellness.com/about_us]]>
              </value>
            </param>
          </params>
          <reporter-output>
          </reporter-output>
        </test-method> <!-- testCheckLinks -->
        <test-method status="PASS" signature="testCheckLinks(java.lang.String, java.lang.String)[pri:0, instance:links.httpURLConnection@204f30ec]" name="testCheckLinks" duration-ms="81" started-at="2020-02-08T23:52:19Z" data-provider="dp" finished-at="2020-02-08T23:52:19Z">
          <params>
            <param index="0">
              <value>
                <![CDATA[HELP]]>
              </value>
            </param>
            <param index="1">
              <value>
                <![CDATA[https://www.objectivewellness.com/faq]]>
              </value>
            </param>
          </params>
          <reporter-output>
          </reporter-output>
        </test-method> <!-- testCheckLinks -->
        <test-method status="PASS" signature="testCheckLinks(java.lang.String, java.lang.String)[pri:0, instance:links.httpURLConnection@204f30ec]" name="testCheckLinks" duration-ms="86" started-at="2020-02-08T23:52:19Z" data-provider="dp" finished-at="2020-02-08T23:52:20Z">
          <params>
            <param index="0">
              <value>
                <![CDATA[Contact Us]]>
              </value>
            </param>
            <param index="1">
              <value>
                <![CDATA[https://www.objectivewellness.com/contact]]>
              </value>
            </param>
          </params>
          <reporter-output>
          </reporter-output>
        </test-method> <!-- testCheckLinks -->
        <test-method status="PASS" signature="testCheckLinks(java.lang.String, java.lang.String)[pri:0, instance:links.httpURLConnection@204f30ec]" name="testCheckLinks" duration-ms="68" started-at="2020-02-08T23:52:20Z" data-provider="dp" finished-at="2020-02-08T23:52:20Z">
          <params>
            <param index="0">
              <value>
                <![CDATA[FAQs]]>
              </value>
            </param>
            <param index="1">
              <value>
                <![CDATA[https://www.objectivewellness.com/faq]]>
              </value>
            </param>
          </params>
          <reporter-output>
          </reporter-output>
        </test-method> <!-- testCheckLinks -->
        <test-method status="PASS" signature="testCheckLinks(java.lang.String, java.lang.String)[pri:0, instance:links.httpURLConnection@204f30ec]" name="testCheckLinks" duration-ms="323" started-at="2020-02-08T23:52:20Z" data-provider="dp" finished-at="2020-02-08T23:52:20Z">
          <params>
            <param index="0">
              <value>
                <![CDATA[My Account]]>
              </value>
            </param>
            <param index="1">
              <value>
                <![CDATA[https://www.objectivewellness.com/login/account]]>
              </value>
            </param>
          </params>
          <reporter-output>
          </reporter-output>
        </test-method> <!-- testCheckLinks -->
        <test-method status="PASS" signature="testCheckLinks(java.lang.String, java.lang.String)[pri:0, instance:links.httpURLConnection@204f30ec]" name="testCheckLinks" duration-ms="74" started-at="2020-02-08T23:52:20Z" data-provider="dp" finished-at="2020-02-08T23:52:20Z">
          <params>
            <param index="0">
              <value>
                <![CDATA[Shipping & Returns]]>
              </value>
            </param>
            <param index="1">
              <value>
                <![CDATA[https://www.objectivewellness.com/faq]]>
              </value>
            </param>
          </params>
          <reporter-output>
          </reporter-output>
        </test-method> <!-- testCheckLinks -->
        <test-method status="PASS" signature="testCheckLinks(java.lang.String, java.lang.String)[pri:0, instance:links.httpURLConnection@204f30ec]" name="testCheckLinks" duration-ms="90" started-at="2020-02-08T23:52:20Z" data-provider="dp" finished-at="2020-02-08T23:52:20Z">
          <params>
            <param index="0">
              <value>
                <![CDATA[Track An Order]]>
              </value>
            </param>
            <param index="1">
              <value>
                <![CDATA[https://www.objectivewellness.com/login/order]]>
              </value>
            </param>
          </params>
          <reporter-output>
          </reporter-output>
        </test-method> <!-- testCheckLinks -->
        <test-method status="PASS" signature="testCheckLinks(java.lang.String, java.lang.String)[pri:0, instance:links.httpURLConnection@204f30ec]" name="testCheckLinks" duration-ms="749" started-at="2020-02-08T23:52:20Z" data-provider="dp" finished-at="2020-02-08T23:52:21Z">
          <params>
            <param index="0">
              <value>
                <![CDATA[]]>
              </value>
            </param>
            <param index="1">
              <value>
                <![CDATA[https://www.instagram.com/objective_wellness]]>
              </value>
            </param>
          </params>
          <reporter-output>
          </reporter-output>
        </test-method> <!-- testCheckLinks -->
        <test-method status="PASS" signature="testCheckLinks(java.lang.String, java.lang.String)[pri:0, instance:links.httpURLConnection@204f30ec]" name="testCheckLinks" duration-ms="1352" started-at="2020-02-08T23:52:21Z" data-provider="dp" finished-at="2020-02-08T23:52:22Z">
          <params>
            <param index="0">
              <value>
                <![CDATA[]]>
              </value>
            </param>
            <param index="1">
              <value>
                <![CDATA[https://www.facebook.com/Objective_Wellness-114299813287253/]]>
              </value>
            </param>
          </params>
          <reporter-output>
          </reporter-output>
        </test-method> <!-- testCheckLinks -->
        <test-method status="PASS" signature="testCheckLinks(java.lang.String, java.lang.String)[pri:0, instance:links.httpURLConnection@204f30ec]" name="testCheckLinks" duration-ms="54" started-at="2020-02-08T23:52:22Z" data-provider="dp" finished-at="2020-02-08T23:52:22Z">
          <params>
            <param index="0">
              <value>
                <![CDATA[PRIVACY POLICY]]>
              </value>
            </param>
            <param index="1">
              <value>
                <![CDATA[https://www.thecloroxcompany.com/privacy/]]>
              </value>
            </param>
          </params>
          <reporter-output>
          </reporter-output>
        </test-method> <!-- testCheckLinks -->
        <test-method status="PASS" signature="testCheckLinks(java.lang.String, java.lang.String)[pri:0, instance:links.httpURLConnection@204f30ec]" name="testCheckLinks" duration-ms="53" started-at="2020-02-08T23:52:22Z" data-provider="dp" finished-at="2020-02-08T23:52:22Z">
          <params>
            <param index="0">
              <value>
                <![CDATA[TERMS OF USE]]>
              </value>
            </param>
            <param index="1">
              <value>
                <![CDATA[https://www.objectivewellness.com/terms]]>
              </value>
            </param>
          </params>
          <reporter-output>
          </reporter-output>
        </test-method> <!-- testCheckLinks -->
        <test-method status="FAIL" signature="testCheckLinks(java.lang.String, java.lang.String)[pri:0, instance:links.httpURLConnection@204f30ec]" name="testCheckLinks" duration-ms="1" started-at="2020-02-08T23:52:22Z" data-provider="dp" finished-at="2020-02-08T23:52:22Z">
          <params>
            <param index="0">
              <value>
                <![CDATA[Help@objectivewellness.com]]>
              </value>
            </param>
            <param index="1">
              <value>
                <![CDATA[mailto:help@objectivewellness.com]]>
              </value>
            </param>
          </params>
          <exception class="java.lang.ClassCastException">
            <message>
              <![CDATA[sun.net.www.protocol.mailto.MailToURLConnection cannot be cast to java.net.HttpURLConnection]]>
            </message>
            <full-stacktrace>
              <![CDATA[java.lang.ClassCastException: sun.net.www.protocol.mailto.MailToURLConnection cannot be cast to java.net.HttpURLConnection
at links.httpURLConnection.verifyURLStatus(httpURLConnection.java:121)
at links.httpURLConnection.testCheckLinks(httpURLConnection.java:69)
at sun.reflect.GeneratedMethodAccessor1.invoke(Unknown Source)
at sun.reflect.DelegatingMethodAccessorImpl.invoke(Unknown Source)
at java.lang.reflect.Method.invoke(Unknown Source)
at org.testng.internal.MethodInvocationHelper.invokeMethod(MethodInvocationHelper.java:124)
at org.testng.internal.Invoker.invokeMethod(Invoker.java:580)
at org.testng.internal.Invoker.invokeTestMethod(Invoker.java:716)
at org.testng.internal.Invoker.invokeTestMethods(Invoker.java:988)
at org.testng.internal.TestMethodWorker.invokeTestMethods(TestMethodWorker.java:125)
at org.testng.internal.TestMethodWorker.run(TestMethodWorker.java:109)
at org.testng.TestRunner.privateRun(TestRunner.java:648)
at org.testng.TestRunner.run(TestRunner.java:505)
at org.testng.SuiteRunner.runTest(SuiteRunner.java:455)
at org.testng.SuiteRunner.runSequentially(SuiteRunner.java:450)
at org.testng.SuiteRunner.privateRun(SuiteRunner.java:415)
at org.testng.SuiteRunner.run(SuiteRunner.java:364)
at org.testng.SuiteRunnerWorker.runSuite(SuiteRunnerWorker.java:52)
at org.testng.SuiteRunnerWorker.run(SuiteRunnerWorker.java:84)
at org.testng.TestNG.runSuitesSequentially(TestNG.java:1208)
at org.testng.TestNG.runSuitesLocally(TestNG.java:1137)
at org.testng.TestNG.runSuites(TestNG.java:1049)
at org.testng.TestNG.run(TestNG.java:1017)
at org.testng.remote.AbstractRemoteTestNG.run(AbstractRemoteTestNG.java:114)
at org.testng.remote.RemoteTestNG.initAndRun(RemoteTestNG.java:251)
at org.testng.remote.RemoteTestNG.main(RemoteTestNG.java:77)
]]>
            </full-stacktrace>
          </exception> <!-- java.lang.ClassCastException -->
          <reporter-output>
          </reporter-output>
        </test-method> <!-- testCheckLinks -->
        <test-method status="PASS" signature="testCheckLinks(java.lang.String, java.lang.String)[pri:0, instance:links.httpURLConnection@204f30ec]" name="testCheckLinks" duration-ms="4837" started-at="2020-02-08T23:52:22Z" data-provider="dp" finished-at="2020-02-08T23:52:27Z">
          <params>
            <param index="0">
              <value>
                <![CDATA[MEMBER OF THE CLX FAMILY OF BRANDS]]>
              </value>
            </param>
            <param index="1">
              <value>
                <![CDATA[https://thecloroxcompany.com/brands]]>
              </value>
            </param>
          </params>
          <reporter-output>
          </reporter-output>
        </test-method> <!-- testCheckLinks -->
        <test-method status="PASS" signature="testCheckLinks(java.lang.String, java.lang.String)[pri:0, instance:links.httpURLConnection@204f30ec]" name="testCheckLinks" duration-ms="51" started-at="2020-02-08T23:52:27Z" data-provider="dp" finished-at="2020-02-08T23:52:27Z">
          <params>
            <param index="0">
              <value>
                <![CDATA[]]>
              </value>
            </param>
            <param index="1">
              <value>
                <![CDATA[https://www.objectivewellness.com/login]]>
              </value>
            </param>
          </params>
          <reporter-output>
          </reporter-output>
        </test-method> <!-- testCheckLinks -->
        <test-method status="PASS" signature="testCheckLinks(java.lang.String, java.lang.String)[pri:0, instance:links.httpURLConnection@204f30ec]" name="testCheckLinks" duration-ms="48" started-at="2020-02-08T23:52:27Z" data-provider="dp" finished-at="2020-02-08T23:52:27Z">
          <params>
            <param index="0">
              <value>
                <![CDATA[]]>
              </value>
            </param>
            <param index="1">
              <value>
                <![CDATA[https://www.objectivewellness.com/signup]]>
              </value>
            </param>
          </params>
          <reporter-output>
          </reporter-output>
        </test-method> <!-- testCheckLinks -->
        <test-method status="PASS" signature="closeTheBrowser()[pri:0, instance:links.httpURLConnection@204f30ec]" name="closeTheBrowser" is-config="true" duration-ms="162" started-at="2020-02-08T23:52:27Z" finished-at="2020-02-08T23:52:27Z">
          <reporter-output>
          </reporter-output>
        </test-method> <!-- closeTheBrowser -->
      </class> <!-- links.httpURLConnection -->
    </test> <!-- Default test -->
  </suite> <!-- Default suite -->
</testng-results>
